<?xml version="1.0" encoding="UTF-8"?>
<coverage generated="1694156399261" clover="3.2.0">
  <project timestamp="1694156399261" name="All files">
    <metrics statements="239" coveredstatements="238" conditionals="88" coveredconditionals="83" methods="79" coveredmethods="78" elements="406" coveredelements="399" complexity="0" loc="239" ncloc="239" packages="14" files="33" classes="33"/>
    <package name="common.api">
      <metrics statements="8" coveredstatements="8" conditionals="2" coveredconditionals="2" methods="4" coveredmethods="4"/>
      <file name="index.ts" path="/Users/bartt/Projects/okrs/fakeEcommerce/src/common/api/index.ts">
        <metrics statements="8" coveredstatements="8" conditionals="2" coveredconditionals="2" methods="4" coveredmethods="4"/>
        <line num="10" count="11" type="stmt"/>
        <line num="12" count="11" type="stmt"/>
        <line num="15" count="11" type="stmt"/>
        <line num="18" count="6" type="cond" truecount="2" falsecount="0"/>
        <line num="20" count="6" type="stmt"/>
        <line num="24" count="5" type="stmt"/>
        <line num="27" count="4" type="stmt"/>
        <line num="37" count="11" type="stmt"/>
      </file>
    </package>
    <package name="common.api.msw-mocks">
      <metrics statements="14" coveredstatements="14" conditionals="2" coveredconditionals="2" methods="4" coveredmethods="4"/>
      <file name="productsHandlers.ts" path="/Users/bartt/Projects/okrs/fakeEcommerce/src/common/api/msw-mocks/productsHandlers.ts">
        <metrics statements="13" coveredstatements="13" conditionals="2" coveredconditionals="2" methods="4" coveredmethods="4"/>
        <line num="5" count="11" type="stmt"/>
        <line num="57" count="11" type="stmt"/>
        <line num="94" count="11" type="stmt"/>
        <line num="100" count="11" type="stmt"/>
        <line num="107" count="11" type="stmt"/>
        <line num="109" count="11" type="stmt"/>
        <line num="111" count="5" type="stmt"/>
        <line num="113" count="5" type="cond" truecount="2" falsecount="0"/>
        <line num="114" count="1" type="stmt"/>
        <line num="117" count="4" type="stmt"/>
        <line num="120" count="5" type="stmt"/>
        <line num="123" count="1" type="stmt"/>
        <line num="134" count="4" type="stmt"/>
      </file>
      <file name="server.ts" path="/Users/bartt/Projects/okrs/fakeEcommerce/src/common/api/msw-mocks/server.ts">
        <metrics statements="1" coveredstatements="1" conditionals="0" coveredconditionals="0" methods="0" coveredmethods="0"/>
        <line num="6" count="11" type="stmt"/>
      </file>
    </package>
    <package name="common.components.Dropdown">
      <metrics statements="13" coveredstatements="13" conditionals="6" coveredconditionals="6" methods="6" coveredmethods="6"/>
      <file name="Dropdown.tsx" path="/Users/bartt/Projects/okrs/fakeEcommerce/src/common/components/Dropdown/Dropdown.tsx">
        <metrics statements="13" coveredstatements="13" conditionals="6" coveredconditionals="6" methods="6" coveredmethods="6"/>
        <line num="17" count="3" type="stmt"/>
        <line num="24" count="87" type="stmt"/>
        <line num="25" count="87" type="stmt"/>
        <line num="28" count="87" type="stmt"/>
        <line num="29" count="87" type="stmt"/>
        <line num="30" count="87" type="stmt"/>
        <line num="31" count="4" type="stmt"/>
        <line num="32" count="4" type="stmt"/>
        <line num="33" count="4" type="stmt"/>
        <line num="42" count="87" type="stmt"/>
        <line num="66" count="189" type="stmt"/>
        <line num="69" count="4" type="stmt"/>
        <line num="77" count="3" type="stmt"/>
      </file>
      <file name="index.ts" path="/Users/bartt/Projects/okrs/fakeEcommerce/src/common/components/Dropdown/index.ts">
        <metrics statements="0" coveredstatements="0" conditionals="0" coveredconditionals="0" methods="0" coveredmethods="0"/>
      </file>
    </package>
    <package name="common.components.ImageSlider">
      <metrics statements="7" coveredstatements="7" conditionals="0" coveredconditionals="0" methods="2" coveredmethods="2"/>
      <file name="ImageSlider.tsx" path="/Users/bartt/Projects/okrs/fakeEcommerce/src/common/components/ImageSlider/ImageSlider.tsx">
        <metrics statements="7" coveredstatements="7" conditionals="0" coveredconditionals="0" methods="2" coveredmethods="2"/>
        <line num="7" count="2" type="stmt"/>
        <line num="8" count="2" type="stmt"/>
        <line num="10" count="2" type="stmt"/>
        <line num="11" count="9" type="stmt"/>
        <line num="18" count="17" type="stmt"/>
        <line num="20" count="17" type="stmt"/>
        <line num="39" count="2" type="stmt"/>
      </file>
      <file name="index.ts" path="/Users/bartt/Projects/okrs/fakeEcommerce/src/common/components/ImageSlider/index.ts">
        <metrics statements="0" coveredstatements="0" conditionals="0" coveredconditionals="0" methods="0" coveredmethods="0"/>
      </file>
    </package>
    <package name="common.components.NoDataPlaceholder">
      <metrics statements="3" coveredstatements="3" conditionals="0" coveredconditionals="0" methods="1" coveredmethods="1"/>
      <file name="NoDataPlaceholder.tsx" path="/Users/bartt/Projects/okrs/fakeEcommerce/src/common/components/NoDataPlaceholder/NoDataPlaceholder.tsx">
        <metrics statements="3" coveredstatements="3" conditionals="0" coveredconditionals="0" methods="1" coveredmethods="1"/>
        <line num="7" count="11" type="stmt"/>
        <line num="8" count="2" type="stmt"/>
        <line num="16" count="11" type="stmt"/>
      </file>
      <file name="index.ts" path="/Users/bartt/Projects/okrs/fakeEcommerce/src/common/components/NoDataPlaceholder/index.ts">
        <metrics statements="0" coveredstatements="0" conditionals="0" coveredconditionals="0" methods="0" coveredmethods="0"/>
      </file>
    </package>
    <package name="common.components.QuantityInput">
      <metrics statements="10" coveredstatements="10" conditionals="6" coveredconditionals="4" methods="3" coveredmethods="3"/>
      <file name="QuantityInput.tsx" path="/Users/bartt/Projects/okrs/fakeEcommerce/src/common/components/QuantityInput/QuantityInput.tsx">
        <metrics statements="10" coveredstatements="10" conditionals="6" coveredconditionals="4" methods="3" coveredmethods="3"/>
        <line num="13" count="11" type="stmt"/>
        <line num="20" count="38" type="stmt"/>
        <line num="22" count="38" type="stmt"/>
        <line num="23" count="4" type="cond" truecount="1" falsecount="1"/>
        <line num="24" count="4" type="stmt"/>
        <line num="27" count="38" type="stmt"/>
        <line num="28" count="8" type="cond" truecount="1" falsecount="1"/>
        <line num="29" count="8" type="stmt"/>
        <line num="33" count="38" type="stmt"/>
        <line num="63" count="11" type="stmt"/>
      </file>
      <file name="index.ts" path="/Users/bartt/Projects/okrs/fakeEcommerce/src/common/components/QuantityInput/index.ts">
        <metrics statements="0" coveredstatements="0" conditionals="0" coveredconditionals="0" methods="0" coveredmethods="0"/>
      </file>
    </package>
    <package name="common.components.ScreenRollupWrapper">
      <metrics statements="18" coveredstatements="18" conditionals="13" coveredconditionals="13" methods="3" coveredmethods="3"/>
      <file name="ScreenRollupWrapper.tsx" path="/Users/bartt/Projects/okrs/fakeEcommerce/src/common/components/ScreenRollupWrapper/ScreenRollupWrapper.tsx">
        <metrics statements="18" coveredstatements="18" conditionals="13" coveredconditionals="13" methods="3" coveredmethods="3"/>
        <line num="14" count="11" type="stmt"/>
        <line num="16" count="11" type="stmt"/>
        <line num="24" count="37" type="stmt"/>
        <line num="25" count="37" type="stmt"/>
        <line num="26" count="37" type="stmt"/>
        <line num="27" count="37" type="stmt"/>
        <line num="28" count="37" type="stmt"/>
        <line num="30" count="37" type="stmt"/>
        <line num="31" count="37" type="cond" truecount="4" falsecount="0"/>
        <line num="32" count="26" type="stmt"/>
        <line num="51" count="37" type="stmt"/>
        <line num="52" count="37" type="stmt"/>
        <line num="53" count="37" type="stmt"/>
        <line num="54" count="37" type="stmt"/>
        <line num="58" count="37" type="cond" truecount="2" falsecount="0"/>
        <line num="59" count="11" type="stmt"/>
        <line num="66" count="26" type="stmt"/>
        <line num="95" count="11" type="stmt"/>
      </file>
      <file name="index.ts" path="/Users/bartt/Projects/okrs/fakeEcommerce/src/common/components/ScreenRollupWrapper/index.ts">
        <metrics statements="0" coveredstatements="0" conditionals="0" coveredconditionals="0" methods="0" coveredmethods="0"/>
      </file>
    </package>
    <package name="common.components.StockStatus">
      <metrics statements="12" coveredstatements="12" conditionals="8" coveredconditionals="8" methods="2" coveredmethods="2"/>
      <file name="StockStatus.tsx" path="/Users/bartt/Projects/okrs/fakeEcommerce/src/common/components/StockStatus/StockStatus.tsx">
        <metrics statements="12" coveredstatements="12" conditionals="8" coveredconditionals="8" methods="2" coveredmethods="2"/>
        <line num="7" count="3" type="stmt"/>
        <line num="10" count="37" type="cond" truecount="2" falsecount="0"/>
        <line num="11" count="1" type="stmt"/>
        <line num="13" count="36" type="cond" truecount="2" falsecount="0"/>
        <line num="14" count="1" type="stmt"/>
        <line num="21" count="35" type="cond" truecount="4" falsecount="0"/>
        <line num="22" count="11" type="stmt"/>
        <line num="29" count="24" type="stmt"/>
        <line num="36" count="3" type="stmt"/>
        <line num="37" count="37" type="stmt"/>
        <line num="39" count="37" type="stmt"/>
        <line num="53" count="3" type="stmt"/>
      </file>
      <file name="index.ts" path="/Users/bartt/Projects/okrs/fakeEcommerce/src/common/components/StockStatus/index.ts">
        <metrics statements="0" coveredstatements="0" conditionals="0" coveredconditionals="0" methods="0" coveredmethods="0"/>
      </file>
    </package>
    <package name="common.redux">
      <metrics statements="7" coveredstatements="7" conditionals="0" coveredconditionals="0" methods="2" coveredmethods="2"/>
      <file name="index.ts" path="/Users/bartt/Projects/okrs/fakeEcommerce/src/common/redux/index.ts">
        <metrics statements="7" coveredstatements="7" conditionals="0" coveredconditionals="0" methods="2" coveredmethods="2"/>
        <line num="10" count="11" type="stmt"/>
        <line num="15" count="11" type="stmt"/>
        <line num="16" count="58" type="stmt"/>
        <line num="19" count="58" type="stmt"/>
        <line num="26" count="11" type="stmt"/>
        <line num="31" count="11" type="stmt"/>
        <line num="32" count="11" type="stmt"/>
      </file>
    </package>
    <package name="common.utils">
      <metrics statements="9" coveredstatements="9" conditionals="6" coveredconditionals="5" methods="4" coveredmethods="4"/>
      <file name="helpers.ts" path="/Users/bartt/Projects/okrs/fakeEcommerce/src/common/utils/helpers.ts">
        <metrics statements="5" coveredstatements="5" conditionals="2" coveredconditionals="2" methods="2" coveredmethods="2"/>
        <line num="3" count="2" type="stmt"/>
        <line num="6" count="24" type="cond" truecount="2" falsecount="0"/>
        <line num="7" count="9" type="stmt"/>
        <line num="10" count="15" type="stmt"/>
        <line num="12" count="30" type="stmt"/>
      </file>
      <file name="testHelpers.tsx" path="/Users/bartt/Projects/okrs/fakeEcommerce/src/common/utils/testHelpers.tsx">
        <metrics statements="4" coveredstatements="4" conditionals="4" coveredconditionals="3" methods="2" coveredmethods="2"/>
        <line num="18" count="10" type="stmt"/>
        <line num="22" count="36" type="stmt"/>
        <line num="39" count="36" type="stmt"/>
        <line num="45" count="10" type="stmt"/>
      </file>
    </package>
    <package name="feature.Cart">
      <metrics statements="54" coveredstatements="54" conditionals="10" coveredconditionals="9" methods="21" coveredmethods="21"/>
      <file name="AddToCartButton.tsx" path="/Users/bartt/Projects/okrs/fakeEcommerce/src/feature/Cart/AddToCartButton.tsx">
        <metrics statements="17" coveredstatements="17" conditionals="6" coveredconditionals="5" methods="5" coveredmethods="5"/>
        <line num="15" count="11" type="stmt"/>
        <line num="19" count="11" type="stmt"/>
        <line num="20" count="11" type="stmt"/>
        <line num="22" count="11" type="cond" truecount="2" falsecount="0"/>
        <line num="24" count="11" type="stmt"/>
        <line num="25" count="11" type="cond" truecount="2" falsecount="0"/>
        <line num="26" count="11" type="stmt"/>
        <line num="27" count="11" type="stmt"/>
        <line num="29" count="11" type="stmt"/>
        <line num="30" count="2" type="stmt"/>
        <line num="32" count="11" type="stmt"/>
        <line num="33" count="1" type="stmt"/>
        <line num="35" count="11" type="stmt"/>
        <line num="36" count="2" type="stmt"/>
        <line num="42" count="2" type="stmt"/>
        <line num="45" count="11" type="cond" truecount="1" falsecount="1"/>
        <line num="67" count="11" type="stmt"/>
      </file>
      <file name="CartList.tsx" path="/Users/bartt/Projects/okrs/fakeEcommerce/src/feature/Cart/CartList.tsx">
        <metrics statements="9" coveredstatements="9" conditionals="2" coveredconditionals="2" methods="4" coveredmethods="4"/>
        <line num="11" count="11" type="stmt"/>
        <line num="12" count="10" type="stmt"/>
        <line num="13" count="10" type="stmt"/>
        <line num="14" count="10" type="stmt"/>
        <line num="16" count="10" type="cond" truecount="2" falsecount="0"/>
        <line num="17" count="1" type="stmt"/>
        <line num="20" count="9" type="stmt"/>
        <line num="24" count="17" type="stmt"/>
        <line num="25" count="17" type="stmt"/>
      </file>
      <file name="CartListItem.tsx" path="/Users/bartt/Projects/okrs/fakeEcommerce/src/feature/Cart/CartListItem.tsx">
        <metrics statements="4" coveredstatements="4" conditionals="0" coveredconditionals="0" methods="1" coveredmethods="1"/>
        <line num="9" count="11" type="stmt"/>
        <line num="10" count="17" type="stmt"/>
        <line num="12" count="17" type="stmt"/>
        <line num="31" count="11" type="stmt"/>
      </file>
      <file name="CartScreen.tsx" path="/Users/bartt/Projects/okrs/fakeEcommerce/src/feature/Cart/CartScreen.tsx">
        <metrics statements="2" coveredstatements="2" conditionals="0" coveredconditionals="0" methods="1" coveredmethods="1"/>
        <line num="9" count="11" type="stmt"/>
        <line num="10" count="6" type="stmt"/>
      </file>
      <file name="EditQuantityButton.tsx" path="/Users/bartt/Projects/okrs/fakeEcommerce/src/feature/Cart/EditQuantityButton.tsx">
        <metrics statements="11" coveredstatements="11" conditionals="0" coveredconditionals="0" methods="4" coveredmethods="4"/>
        <line num="10" count="11" type="stmt"/>
        <line num="11" count="17" type="stmt"/>
        <line num="12" count="17" type="stmt"/>
        <line num="14" count="17" type="stmt"/>
        <line num="15" count="1" type="stmt"/>
        <line num="22" count="17" type="stmt"/>
        <line num="23" count="2" type="stmt"/>
        <line num="30" count="17" type="stmt"/>
        <line num="31" count="1" type="stmt"/>
        <line num="34" count="17" type="stmt"/>
        <line num="53" count="11" type="stmt"/>
      </file>
      <file name="cartSelectors.ts" path="/Users/bartt/Projects/okrs/fakeEcommerce/src/feature/Cart/cartSelectors.ts">
        <metrics statements="1" coveredstatements="1" conditionals="0" coveredconditionals="0" methods="1" coveredmethods="1"/>
        <line num="3" count="31" type="stmt"/>
      </file>
      <file name="cartSlice.ts" path="/Users/bartt/Projects/okrs/fakeEcommerce/src/feature/Cart/cartSlice.ts">
        <metrics statements="10" coveredstatements="10" conditionals="2" coveredconditionals="2" methods="5" coveredmethods="5"/>
        <line num="14" count="11" type="stmt"/>
        <line num="18" count="11" type="stmt"/>
        <line num="23" count="5" type="stmt"/>
        <line num="24" count="3" type="stmt"/>
        <line num="27" count="5" type="cond" truecount="2" falsecount="0"/>
        <line num="28" count="3" type="stmt"/>
        <line num="30" count="2" type="stmt"/>
        <line num="34" count="2" type="stmt"/>
        <line num="37" count="1" type="stmt"/>
        <line num="45" count="11" type="stmt"/>
      </file>
      <file name="index.ts" path="/Users/bartt/Projects/okrs/fakeEcommerce/src/feature/Cart/index.ts">
        <metrics statements="0" coveredstatements="0" conditionals="0" coveredconditionals="0" methods="0" coveredmethods="0"/>
      </file>
    </package>
    <package name="feature.Checkout">
      <metrics statements="35" coveredstatements="35" conditionals="14" coveredconditionals="14" methods="9" coveredmethods="8"/>
      <file name="CheckoutConfirmMessage.tsx" path="/Users/bartt/Projects/okrs/fakeEcommerce/src/feature/Checkout/CheckoutConfirmMessage.tsx">
        <metrics statements="6" coveredstatements="6" conditionals="0" coveredconditionals="0" methods="2" coveredmethods="1"/>
        <line num="9" count="1" type="stmt"/>
        <line num="11" count="1" type="stmt"/>
        <line num="12" count="1" type="stmt"/>
        <line num="13" count="1" type="stmt"/>
        <line num="15" count="1" type="stmt"/>
        <line num="31" count="1" type="stmt"/>
      </file>
      <file name="CheckoutForm.tsx" path="/Users/bartt/Projects/okrs/fakeEcommerce/src/feature/Checkout/CheckoutForm.tsx">
        <metrics statements="22" coveredstatements="22" conditionals="12" coveredconditionals="12" methods="5" coveredmethods="5"/>
        <line num="12" count="1" type="stmt"/>
        <line num="19" count="1" type="stmt"/>
        <line num="23" count="2" type="cond" truecount="2" falsecount="0"/>
        <line num="24" count="1" type="stmt"/>
        <line num="25" count="2" type="cond" truecount="2" falsecount="0"/>
        <line num="27" count="1" type="stmt"/>
        <line num="28" count="63" type="stmt"/>
        <line num="29" count="63" type="stmt"/>
        <line num="30" count="63" type="stmt"/>
        <line num="31" count="63" type="stmt"/>
        <line num="33" count="63" type="stmt"/>
        <line num="34" count="2" type="stmt"/>
        <line num="35" count="2" type="stmt"/>
        <line num="36" count="2" type="stmt"/>
        <line num="38" count="2" type="cond" truecount="2" falsecount="0"/>
        <line num="41" count="2" type="cond" truecount="2" falsecount="0"/>
        <line num="45" count="2" type="stmt"/>
        <line num="47" count="2" type="cond" truecount="4" falsecount="0"/>
        <line num="48" count="1" type="stmt"/>
        <line num="52" count="63" type="stmt"/>
        <line num="80" count="1" type="stmt"/>
        <line num="93" count="1" type="stmt"/>
      </file>
      <file name="CheckoutScreen.tsx" path="/Users/bartt/Projects/okrs/fakeEcommerce/src/feature/Checkout/CheckoutScreen.tsx">
        <metrics statements="7" coveredstatements="7" conditionals="2" coveredconditionals="2" methods="2" coveredmethods="2"/>
        <line num="8" count="1" type="stmt"/>
        <line num="9" count="4" type="stmt"/>
        <line num="10" count="4" type="stmt"/>
        <line num="11" count="4" type="stmt"/>
        <line num="12" count="1" type="stmt"/>
        <line num="13" count="1" type="stmt"/>
        <line num="16" count="4" type="stmt"/>
      </file>
    </package>
    <package name="feature.Products">
      <metrics statements="27" coveredstatements="26" conditionals="13" coveredconditionals="12" methods="9" coveredmethods="9"/>
      <file name="ProductItem.tsx" path="/Users/bartt/Projects/okrs/fakeEcommerce/src/feature/Products/ProductItem.tsx">
        <metrics statements="6" coveredstatements="6" conditionals="0" coveredconditionals="0" methods="2" coveredmethods="2"/>
        <line num="14" count="1" type="stmt"/>
        <line num="21" count="25" type="stmt"/>
        <line num="22" count="25" type="stmt"/>
        <line num="23" count="1" type="stmt"/>
        <line num="25" count="25" type="stmt"/>
        <line num="59" count="1" type="stmt"/>
      </file>
      <file name="ProductsScreen.tsx" path="/Users/bartt/Projects/okrs/fakeEcommerce/src/feature/Products/ProductsScreen.tsx">
        <metrics statements="21" coveredstatements="20" conditionals="13" coveredconditionals="12" methods="7" coveredmethods="7"/>
        <line num="12" count="1" type="stmt"/>
        <line num="14" count="1" type="stmt"/>
        <line num="15" count="22" type="stmt"/>
        <line num="21" count="22" type="stmt"/>
        <line num="23" count="22" type="stmt"/>
        <line num="24" count="22" type="stmt"/>
        <line num="25" count="22" type="stmt"/>
        <line num="26" count="1" type="stmt"/>
        <line num="31" count="22" type="stmt"/>
        <line num="32" count="1" type="stmt"/>
        <line num="37" count="22" type="cond" truecount="2" falsecount="0"/>
        <line num="38" count="22" type="stmt"/>
        <line num="40" count="10" type="stmt"/>
        <line num="42" count="25" type="stmt"/>
        <line num="44" count="25" type="stmt"/>
        <line num="57" count="22" type="stmt"/>
        <line num="58" count="6" type="stmt"/>
        <line num="64" count="22" type="cond" truecount="4" falsecount="1"/>
        <line num="65" count="0" type="stmt"/>
        <line num="68" count="22" type="stmt"/>
        <line num="96" count="1" type="stmt"/>
      </file>
    </package>
    <package name="feature.SingleProduct">
      <metrics statements="22" coveredstatements="22" conditionals="8" coveredconditionals="8" methods="9" coveredmethods="9"/>
      <file name="SingleProduct.tsx" path="/Users/bartt/Projects/okrs/fakeEcommerce/src/feature/SingleProduct/SingleProduct.tsx">
        <metrics statements="14" coveredstatements="14" conditionals="4" coveredconditionals="4" methods="6" coveredmethods="6"/>
        <line num="11" count="1" type="stmt"/>
        <line num="12" count="8" type="stmt"/>
        <line num="13" count="8" type="stmt"/>
        <line num="15" count="8" type="stmt"/>
        <line num="16" count="8" type="stmt"/>
        <line num="17" count="8" type="stmt"/>
        <line num="19" count="8" type="stmt"/>
        <line num="20" count="8" type="cond" truecount="2" falsecount="0"/>
        <line num="21" count="2" type="stmt"/>
        <line num="22" count="2" type="stmt"/>
        <line num="24" count="8" type="stmt"/>
        <line num="27" count="8" type="stmt"/>
        <line num="54" count="1" type="stmt"/>
        <line num="63" count="1" type="stmt"/>
      </file>
      <file name="SingleProductScreen.tsx" path="/Users/bartt/Projects/okrs/fakeEcommerce/src/feature/SingleProduct/SingleProductScreen.tsx">
        <metrics statements="8" coveredstatements="8" conditionals="4" coveredconditionals="4" methods="3" coveredmethods="3"/>
        <line num="8" count="1" type="stmt"/>
        <line num="9" count="15" type="stmt"/>
        <line num="10" count="15" type="stmt"/>
        <line num="11" count="15" type="stmt"/>
        <line num="13" count="15" type="stmt"/>
        <line num="14" count="10" type="cond" truecount="2" falsecount="0"/>
        <line num="16" count="10" type="stmt"/>
        <line num="19" count="15" type="stmt"/>
      </file>
    </package>
  </project>
</coverage>
