{"/Users/bartt/Projects/okrs/fakeEcommerce/src/common/api/index.ts": {"path":"/Users/bartt/Projects/okrs/fakeEcommerce/src/common/api/index.ts","statementMap":{"0":{"start":{"line":10,"column":28},"end":{"line":10,"column":52}},"1":{"start":{"line":12,"column":23},"end":{"line":30,"column":2}},"2":{"start":{"line":15,"column":23},"end":{"line":29,"column":3}},"3":{"start":{"line":18,"column":24},"end":{"line":18,"column":76}},"4":{"start":{"line":20,"column":8},"end":{"line":20,"column":56}},"5":{"start":{"line":24,"column":19},"end":{"line":24,"column":35}},"6":{"start":{"line":27,"column":19},"end":{"line":27,"column":40}},"7":{"start":{"line":37,"column":4},"end":{"line":37,"column":11}}},"fnMap":{"0":{"name":"(anonymous_0)","decl":{"start":{"line":15,"column":13},"end":{"line":15,"column":14}},"loc":{"start":{"line":15,"column":23},"end":{"line":29,"column":3}},"line":15},"1":{"name":"(anonymous_1)","decl":{"start":{"line":17,"column":13},"end":{"line":17,"column":14}},"loc":{"start":{"line":17,"column":42},"end":{"line":21,"column":7}},"line":17},"2":{"name":"(anonymous_2)","decl":{"start":{"line":24,"column":13},"end":{"line":24,"column":14}},"loc":{"start":{"line":24,"column":19},"end":{"line":24,"column":35}},"line":24},"3":{"name":"(anonymous_3)","decl":{"start":{"line":27,"column":13},"end":{"line":27,"column":14}},"loc":{"start":{"line":27,"column":19},"end":{"line":27,"column":40}},"line":27}},"branchMap":{"0":{"loc":{"start":{"line":18,"column":35},"end":{"line":18,"column":74}},"type":"cond-expr","locations":[{"start":{"line":18,"column":46},"end":{"line":18,"column":69}},{"start":{"line":18,"column":72},"end":{"line":18,"column":74}}],"line":18}},"s":{"0":11,"1":11,"2":11,"3":6,"4":6,"5":5,"6":4,"7":11},"f":{"0":11,"1":6,"2":5,"3":4},"b":{"0":[1,5]},"_coverageSchema":"1a1c01bbd47fc00a2c39e90264f33305004495a9","hash":"7831b15d9970cc187c791a6344564e3de992693f"}
,"/Users/bartt/Projects/okrs/fakeEcommerce/src/common/api/msw-mocks/productsHandlers.ts": {"path":"/Users/bartt/Projects/okrs/fakeEcommerce/src/common/api/msw-mocks/productsHandlers.ts","statementMap":{"0":{"start":{"line":5,"column":41},"end":{"line":56,"column":1}},"1":{"start":{"line":57,"column":37},"end":{"line":92,"column":1}},"2":{"start":{"line":94,"column":30},"end":{"line":99,"column":1}},"3":{"start":{"line":100,"column":40},"end":{"line":105,"column":1}},"4":{"start":{"line":107,"column":25},"end":{"line":107,"column":51}},"5":{"start":{"line":109,"column":32},"end":{"line":136,"column":1}},"6":{"start":{"line":111,"column":22},"end":{"line":111,"column":54}},"7":{"start":{"line":113,"column":4},"end":{"line":115,"column":5}},"8":{"start":{"line":114,"column":6},"end":{"line":114,"column":70}},"9":{"start":{"line":117,"column":4},"end":{"line":117,"column":58}},"10":{"start":{"line":120,"column":4},"end":{"line":120,"column":72}},"11":{"start":{"line":123,"column":4},"end":{"line":131,"column":6}},"12":{"start":{"line":134,"column":4},"end":{"line":134,"column":35}}},"fnMap":{"0":{"name":"(anonymous_0)","decl":{"start":{"line":110,"column":38},"end":{"line":110,"column":39}},"loc":{"start":{"line":110,"column":57},"end":{"line":118,"column":3}},"line":110},"1":{"name":"(anonymous_1)","decl":{"start":{"line":119,"column":40},"end":{"line":119,"column":41}},"loc":{"start":{"line":119,"column":59},"end":{"line":121,"column":3}},"line":119},"2":{"name":"(anonymous_2)","decl":{"start":{"line":122,"column":55},"end":{"line":122,"column":56}},"loc":{"start":{"line":122,"column":74},"end":{"line":132,"column":3}},"line":122},"3":{"name":"(anonymous_3)","decl":{"start":{"line":133,"column":49},"end":{"line":133,"column":50}},"loc":{"start":{"line":134,"column":4},"end":{"line":134,"column":35}},"line":134}},"branchMap":{"0":{"loc":{"start":{"line":113,"column":4},"end":{"line":115,"column":5}},"type":"if","locations":[{"start":{"line":113,"column":4},"end":{"line":115,"column":5}},{"start":{},"end":{}}],"line":113}},"s":{"0":11,"1":11,"2":11,"3":11,"4":11,"5":11,"6":5,"7":5,"8":1,"9":4,"10":5,"11":1,"12":4},"f":{"0":5,"1":5,"2":1,"3":4},"b":{"0":[1,4]},"_coverageSchema":"1a1c01bbd47fc00a2c39e90264f33305004495a9","hash":"b4c57d27c7e3eea91608418abeb5e0911d9c9a09"}
,"/Users/bartt/Projects/okrs/fakeEcommerce/src/common/api/msw-mocks/server.ts": {"path":"/Users/bartt/Projects/okrs/fakeEcommerce/src/common/api/msw-mocks/server.ts","statementMap":{"0":{"start":{"line":6,"column":25},"end":{"line":6,"column":57}}},"fnMap":{},"branchMap":{},"s":{"0":11},"f":{},"b":{},"_coverageSchema":"1a1c01bbd47fc00a2c39e90264f33305004495a9","hash":"da57101556270ecaee2c7975ce2900ec8bfbbc7f"}
,"/Users/bartt/Projects/okrs/fakeEcommerce/src/common/components/Dropdown/Dropdown.tsx": {"path":"/Users/bartt/Projects/okrs/fakeEcommerce/src/common/components/Dropdown/Dropdown.tsx","statementMap":{"0":{"start":{"line":17,"column":24},"end":{"line":75,"column":1}},"1":{"start":{"line":24,"column":36},"end":{"line":24,"column":51}},"2":{"start":{"line":25,"column":42},"end":{"line":27,"column":3}},"3":{"start":{"line":28,"column":26},"end":{"line":28,"column":51}},"4":{"start":{"line":28,"column":32},"end":{"line":28,"column":51}},"5":{"start":{"line":29,"column":25},"end":{"line":29,"column":49}},"6":{"start":{"line":29,"column":31},"end":{"line":29,"column":49}},"7":{"start":{"line":30,"column":27},"end":{"line":34,"column":3}},"8":{"start":{"line":31,"column":4},"end":{"line":31,"column":27}},"9":{"start":{"line":32,"column":4},"end":{"line":32,"column":28}},"10":{"start":{"line":33,"column":4},"end":{"line":33,"column":22}},"11":{"start":{"line":42,"column":2},"end":{"line":74,"column":4}},"12":{"start":{"line":66,"column":10},"end":{"line":70,"column":12}},"13":{"start":{"line":69,"column":27},"end":{"line":69,"column":59}},"14":{"start":{"line":77,"column":15},"end":{"line":82,"column":2}}},"fnMap":{"0":{"name":"(anonymous_0)","decl":{"start":{"line":17,"column":24},"end":{"line":17,"column":25}},"loc":{"start":{"line":23,"column":21},"end":{"line":75,"column":1}},"line":23},"1":{"name":"(anonymous_1)","decl":{"start":{"line":28,"column":26},"end":{"line":28,"column":27}},"loc":{"start":{"line":28,"column":32},"end":{"line":28,"column":51}},"line":28},"2":{"name":"(anonymous_2)","decl":{"start":{"line":29,"column":25},"end":{"line":29,"column":26}},"loc":{"start":{"line":29,"column":31},"end":{"line":29,"column":49}},"line":29},"3":{"name":"(anonymous_3)","decl":{"start":{"line":30,"column":27},"end":{"line":30,"column":28}},"loc":{"start":{"line":30,"column":55},"end":{"line":34,"column":3}},"line":30},"4":{"name":"(anonymous_4)","decl":{"start":{"line":65,"column":21},"end":{"line":65,"column":22}},"loc":{"start":{"line":66,"column":10},"end":{"line":70,"column":12}},"line":66},"5":{"name":"(anonymous_5)","decl":{"start":{"line":69,"column":21},"end":{"line":69,"column":22}},"loc":{"start":{"line":69,"column":27},"end":{"line":69,"column":59}},"line":69}},"branchMap":{"0":{"loc":{"start":{"line":26,"column":4},"end":{"line":26,"column":31}},"type":"binary-expr","locations":[{"start":{"line":26,"column":4},"end":{"line":26,"column":23}},{"start":{"line":26,"column":27},"end":{"line":26,"column":31}}],"line":26},"1":{"loc":{"start":{"line":44,"column":7},"end":{"line":51,"column":7}},"type":"binary-expr","locations":[{"start":{"line":44,"column":7},"end":{"line":44,"column":12}},{"start":{"line":45,"column":8},"end":{"line":50,"column":15}}],"line":44},"2":{"loc":{"start":{"line":62,"column":13},"end":{"line":62,"column":47}},"type":"binary-expr","locations":[{"start":{"line":62,"column":13},"end":{"line":62,"column":32}},{"start":{"line":62,"column":36},"end":{"line":62,"column":47}}],"line":62}},"s":{"0":3,"1":87,"2":87,"3":87,"4":4,"5":87,"6":4,"7":87,"8":4,"9":4,"10":4,"11":87,"12":189,"13":4,"14":3},"f":{"0":87,"1":4,"2":4,"3":4,"4":189,"5":4},"b":{"0":[87,7],"1":[87,65],"2":[87,5]},"_coverageSchema":"1a1c01bbd47fc00a2c39e90264f33305004495a9","hash":"a5433f8e83898099d9ff0c24031a4cf18602300f"}
,"/Users/bartt/Projects/okrs/fakeEcommerce/src/common/components/Dropdown/index.ts": {"path":"/Users/bartt/Projects/okrs/fakeEcommerce/src/common/components/Dropdown/index.ts","statementMap":{},"fnMap":{},"branchMap":{},"s":{},"f":{},"b":{},"_coverageSchema":"1a1c01bbd47fc00a2c39e90264f33305004495a9","hash":"4790d78599458667ec207a454a1413aef7dcbb5f"}
,"/Users/bartt/Projects/okrs/fakeEcommerce/src/common/components/ImageSlider/ImageSlider.tsx": {"path":"/Users/bartt/Projects/okrs/fakeEcommerce/src/common/components/ImageSlider/ImageSlider.tsx","statementMap":{"0":{"start":{"line":7,"column":38},"end":{"line":7,"column":62}},"1":{"start":{"line":8,"column":15},"end":{"line":8,"column":31}},"2":{"start":{"line":10,"column":27},"end":{"line":37,"column":1}},"3":{"start":{"line":11,"column":2},"end":{"line":36,"column":4}},"4":{"start":{"line":18,"column":22},"end":{"line":18,"column":61}},"5":{"start":{"line":20,"column":8},"end":{"line":33,"column":10}},"6":{"start":{"line":39,"column":15},"end":{"line":55,"column":2}}},"fnMap":{"0":{"name":"(anonymous_0)","decl":{"start":{"line":10,"column":27},"end":{"line":10,"column":28}},"loc":{"start":{"line":10,"column":59},"end":{"line":37,"column":1}},"line":10},"1":{"name":"(anonymous_1)","decl":{"start":{"line":17,"column":18},"end":{"line":17,"column":19}},"loc":{"start":{"line":17,"column":37},"end":{"line":34,"column":7}},"line":17}},"branchMap":{},"s":{"0":2,"1":2,"2":2,"3":9,"4":17,"5":17,"6":2},"f":{"0":9,"1":17},"b":{},"_coverageSchema":"1a1c01bbd47fc00a2c39e90264f33305004495a9","hash":"cd223612c5165d6f1c65a4512f198f5b03fb0aad"}
,"/Users/bartt/Projects/okrs/fakeEcommerce/src/common/components/ImageSlider/index.ts": {"path":"/Users/bartt/Projects/okrs/fakeEcommerce/src/common/components/ImageSlider/index.ts","statementMap":{},"fnMap":{},"branchMap":{},"s":{},"f":{},"b":{},"_coverageSchema":"1a1c01bbd47fc00a2c39e90264f33305004495a9","hash":"fd357c8b34d6077f5ecaf293d6055c550a549ffb"}
,"/Users/bartt/Projects/okrs/fakeEcommerce/src/common/components/NoDataPlaceholder/NoDataPlaceholder.tsx": {"path":"/Users/bartt/Projects/okrs/fakeEcommerce/src/common/components/NoDataPlaceholder/NoDataPlaceholder.tsx","statementMap":{"0":{"start":{"line":7,"column":33},"end":{"line":14,"column":1}},"1":{"start":{"line":8,"column":2},"end":{"line":13,"column":4}},"2":{"start":{"line":16,"column":15},"end":{"line":22,"column":2}}},"fnMap":{"0":{"name":"(anonymous_0)","decl":{"start":{"line":7,"column":33},"end":{"line":7,"column":34}},"loc":{"start":{"line":7,"column":72},"end":{"line":14,"column":1}},"line":7}},"branchMap":{},"s":{"0":11,"1":2,"2":11},"f":{"0":2},"b":{},"_coverageSchema":"1a1c01bbd47fc00a2c39e90264f33305004495a9","hash":"87a80ea9499adfd8c0cad5d71a9af4cd121649ae"}
,"/Users/bartt/Projects/okrs/fakeEcommerce/src/common/components/NoDataPlaceholder/index.ts": {"path":"/Users/bartt/Projects/okrs/fakeEcommerce/src/common/components/NoDataPlaceholder/index.ts","statementMap":{},"fnMap":{},"branchMap":{},"s":{},"f":{},"b":{},"_coverageSchema":"1a1c01bbd47fc00a2c39e90264f33305004495a9","hash":"c19824030c30355296a7498a77223d55277bf419"}
,"/Users/bartt/Projects/okrs/fakeEcommerce/src/common/components/QuantityInput/QuantityInput.tsx": {"path":"/Users/bartt/Projects/okrs/fakeEcommerce/src/common/components/QuantityInput/QuantityInput.tsx","statementMap":{"0":{"start":{"line":13,"column":29},"end":{"line":61,"column":1}},"1":{"start":{"line":20,"column":19},"end":{"line":20,"column":29}},"2":{"start":{"line":22,"column":25},"end":{"line":26,"column":3}},"3":{"start":{"line":23,"column":4},"end":{"line":25,"column":5}},"4":{"start":{"line":24,"column":6},"end":{"line":24,"column":19}},"5":{"start":{"line":27,"column":25},"end":{"line":31,"column":3}},"6":{"start":{"line":28,"column":4},"end":{"line":30,"column":5}},"7":{"start":{"line":29,"column":6},"end":{"line":29,"column":19}},"8":{"start":{"line":33,"column":2},"end":{"line":60,"column":4}},"9":{"start":{"line":63,"column":15},"end":{"line":79,"column":2}}},"fnMap":{"0":{"name":"(anonymous_0)","decl":{"start":{"line":13,"column":29},"end":{"line":13,"column":30}},"loc":{"start":{"line":19,"column":26},"end":{"line":61,"column":1}},"line":19},"1":{"name":"(anonymous_1)","decl":{"start":{"line":22,"column":25},"end":{"line":22,"column":26}},"loc":{"start":{"line":22,"column":31},"end":{"line":26,"column":3}},"line":22},"2":{"name":"(anonymous_2)","decl":{"start":{"line":27,"column":25},"end":{"line":27,"column":26}},"loc":{"start":{"line":27,"column":31},"end":{"line":31,"column":3}},"line":27}},"branchMap":{"0":{"loc":{"start":{"line":17,"column":2},"end":{"line":17,"column":14}},"type":"default-arg","locations":[{"start":{"line":17,"column":13},"end":{"line":17,"column":14}}],"line":17},"1":{"loc":{"start":{"line":18,"column":2},"end":{"line":18,"column":16}},"type":"default-arg","locations":[{"start":{"line":18,"column":13},"end":{"line":18,"column":16}}],"line":18},"2":{"loc":{"start":{"line":23,"column":4},"end":{"line":25,"column":5}},"type":"if","locations":[{"start":{"line":23,"column":4},"end":{"line":25,"column":5}},{"start":{},"end":{}}],"line":23},"3":{"loc":{"start":{"line":28,"column":4},"end":{"line":30,"column":5}},"type":"if","locations":[{"start":{"line":28,"column":4},"end":{"line":30,"column":5}},{"start":{},"end":{}}],"line":28}},"s":{"0":11,"1":38,"2":38,"3":4,"4":4,"5":38,"6":8,"7":8,"8":38,"9":11},"f":{"0":38,"1":4,"2":8},"b":{"0":[3],"1":[3],"2":[4,0],"3":[8,0]},"_coverageSchema":"1a1c01bbd47fc00a2c39e90264f33305004495a9","hash":"3b0be2b171a010823c9c9aabf981d6f5c4bc0c9c"}
,"/Users/bartt/Projects/okrs/fakeEcommerce/src/common/components/QuantityInput/index.ts": {"path":"/Users/bartt/Projects/okrs/fakeEcommerce/src/common/components/QuantityInput/index.ts","statementMap":{},"fnMap":{},"branchMap":{},"s":{},"f":{},"b":{},"_coverageSchema":"1a1c01bbd47fc00a2c39e90264f33305004495a9","hash":"ecd00f607a4002ffcf35f5a5acf878544bfecb64"}
,"/Users/bartt/Projects/okrs/fakeEcommerce/src/common/components/ScreenRollupWrapper/ScreenRollupWrapper.tsx": {"path":"/Users/bartt/Projects/okrs/fakeEcommerce/src/common/components/ScreenRollupWrapper/ScreenRollupWrapper.tsx","statementMap":{"0":{"start":{"line":14,"column":25},"end":{"line":14,"column":28}},"1":{"start":{"line":16,"column":35},"end":{"line":93,"column":1}},"2":{"start":{"line":24,"column":24},"end":{"line":24,"column":71}},"3":{"start":{"line":25,"column":25},"end":{"line":25,"column":72}},"4":{"start":{"line":26,"column":26},"end":{"line":26,"column":63}},"5":{"start":{"line":27,"column":19},"end":{"line":27,"column":61}},"6":{"start":{"line":28,"column":19},"end":{"line":28,"column":29}},"7":{"start":{"line":30,"column":2},"end":{"line":56,"column":5}},"8":{"start":{"line":31,"column":4},"end":{"line":49,"column":5}},"9":{"start":{"line":32,"column":6},"end":{"line":48,"column":17}},"10":{"start":{"line":51,"column":4},"end":{"line":55,"column":6}},"11":{"start":{"line":52,"column":6},"end":{"line":52,"column":42}},"12":{"start":{"line":53,"column":6},"end":{"line":53,"column":43}},"13":{"start":{"line":54,"column":6},"end":{"line":54,"column":34}},"14":{"start":{"line":58,"column":2},"end":{"line":64,"column":3}},"15":{"start":{"line":59,"column":4},"end":{"line":63,"column":6}},"16":{"start":{"line":66,"column":2},"end":{"line":92,"column":4}},"17":{"start":{"line":95,"column":15},"end":{"line":106,"column":2}}},"fnMap":{"0":{"name":"(anonymous_0)","decl":{"start":{"line":16,"column":35},"end":{"line":16,"column":36}},"loc":{"start":{"line":23,"column":32},"end":{"line":93,"column":1}},"line":23},"1":{"name":"(anonymous_1)","decl":{"start":{"line":30,"column":17},"end":{"line":30,"column":18}},"loc":{"start":{"line":30,"column":23},"end":{"line":56,"column":3}},"line":30},"2":{"name":"(anonymous_2)","decl":{"start":{"line":51,"column":11},"end":{"line":51,"column":12}},"loc":{"start":{"line":51,"column":17},"end":{"line":55,"column":5}},"line":51}},"branchMap":{"0":{"loc":{"start":{"line":18,"column":2},"end":{"line":18,"column":25}},"type":"default-arg","locations":[{"start":{"line":18,"column":22},"end":{"line":18,"column":25}}],"line":18},"1":{"loc":{"start":{"line":19,"column":2},"end":{"line":19,"column":18}},"type":"default-arg","locations":[{"start":{"line":19,"column":16},"end":{"line":19,"column":18}}],"line":19},"2":{"loc":{"start":{"line":22,"column":2},"end":{"line":22,"column":19}},"type":"default-arg","locations":[{"start":{"line":22,"column":14},"end":{"line":22,"column":19}}],"line":22},"3":{"loc":{"start":{"line":31,"column":4},"end":{"line":49,"column":5}},"type":"if","locations":[{"start":{"line":31,"column":4},"end":{"line":49,"column":5}},{"start":{},"end":{}}],"line":31},"4":{"loc":{"start":{"line":31,"column":8},"end":{"line":31,"column":30}},"type":"binary-expr","locations":[{"start":{"line":31,"column":8},"end":{"line":31,"column":18}},{"start":{"line":31,"column":22},"end":{"line":31,"column":30}}],"line":31},"5":{"loc":{"start":{"line":58,"column":2},"end":{"line":64,"column":3}},"type":"if","locations":[{"start":{"line":58,"column":2},"end":{"line":64,"column":3}},{"start":{},"end":{}}],"line":58},"6":{"loc":{"start":{"line":78,"column":27},"end":{"line":78,"column":59}},"type":"binary-expr","locations":[{"start":{"line":78,"column":27},"end":{"line":78,"column":41}},{"start":{"line":78,"column":45},"end":{"line":78,"column":59}}],"line":78},"7":{"loc":{"start":{"line":85,"column":31},"end":{"line":85,"column":67}},"type":"binary-expr","locations":[{"start":{"line":85,"column":31},"end":{"line":85,"column":46}},{"start":{"line":85,"column":50},"end":{"line":85,"column":67}}],"line":85}},"s":{"0":11,"1":11,"2":37,"3":37,"4":37,"5":37,"6":37,"7":37,"8":37,"9":26,"10":37,"11":37,"12":37,"13":37,"14":37,"15":11,"16":26,"17":11},"f":{"0":37,"1":37,"2":37},"b":{"0":[35],"1":[37],"2":[7],"3":[26,11],"4":[37,26],"5":[11,26],"6":[26,26],"7":[26,26]},"_coverageSchema":"1a1c01bbd47fc00a2c39e90264f33305004495a9","hash":"921135e1197053672749997ba96c8eb796392cdb"}
,"/Users/bartt/Projects/okrs/fakeEcommerce/src/common/components/ScreenRollupWrapper/index.ts": {"path":"/Users/bartt/Projects/okrs/fakeEcommerce/src/common/components/ScreenRollupWrapper/index.ts","statementMap":{},"fnMap":{},"branchMap":{},"s":{},"f":{},"b":{},"_coverageSchema":"1a1c01bbd47fc00a2c39e90264f33305004495a9","hash":"29dfd3e14f60925b10ccccef0e68626a50e63f02"}
,"/Users/bartt/Projects/okrs/fakeEcommerce/src/common/components/StockStatus/StockStatus.tsx": {"path":"/Users/bartt/Projects/okrs/fakeEcommerce/src/common/components/StockStatus/StockStatus.tsx","statementMap":{"0":{"start":{"line":7,"column":29},"end":{"line":34,"column":1}},"1":{"start":{"line":10,"column":2},"end":{"line":12,"column":3}},"2":{"start":{"line":11,"column":4},"end":{"line":11,"column":73}},"3":{"start":{"line":13,"column":2},"end":{"line":19,"column":3}},"4":{"start":{"line":14,"column":4},"end":{"line":18,"column":6}},"5":{"start":{"line":21,"column":2},"end":{"line":27,"column":3}},"6":{"start":{"line":22,"column":4},"end":{"line":26,"column":6}},"7":{"start":{"line":29,"column":2},"end":{"line":33,"column":4}},"8":{"start":{"line":36,"column":27},"end":{"line":52,"column":1}},"9":{"start":{"line":37,"column":35},"end":{"line":37,"column":65}},"10":{"start":{"line":39,"column":2},"end":{"line":51,"column":4}},"11":{"start":{"line":53,"column":15},"end":{"line":67,"column":2}}},"fnMap":{"0":{"name":"(anonymous_0)","decl":{"start":{"line":7,"column":29},"end":{"line":7,"column":30}},"loc":{"start":{"line":9,"column":55},"end":{"line":34,"column":1}},"line":9},"1":{"name":"(anonymous_1)","decl":{"start":{"line":36,"column":27},"end":{"line":36,"column":28}},"loc":{"start":{"line":36,"column":61},"end":{"line":52,"column":1}},"line":36}},"branchMap":{"0":{"loc":{"start":{"line":10,"column":2},"end":{"line":12,"column":3}},"type":"if","locations":[{"start":{"line":10,"column":2},"end":{"line":12,"column":3}},{"start":{},"end":{}}],"line":10},"1":{"loc":{"start":{"line":13,"column":2},"end":{"line":19,"column":3}},"type":"if","locations":[{"start":{"line":13,"column":2},"end":{"line":19,"column":3}},{"start":{},"end":{}}],"line":13},"2":{"loc":{"start":{"line":21,"column":2},"end":{"line":27,"column":3}},"type":"if","locations":[{"start":{"line":21,"column":2},"end":{"line":27,"column":3}},{"start":{},"end":{}}],"line":21},"3":{"loc":{"start":{"line":21,"column":6},"end":{"line":21,"column":36}},"type":"binary-expr","locations":[{"start":{"line":21,"column":6},"end":{"line":21,"column":19}},{"start":{"line":21,"column":23},"end":{"line":21,"column":36}}],"line":21}},"s":{"0":3,"1":37,"2":1,"3":36,"4":1,"5":35,"6":11,"7":24,"8":3,"9":37,"10":37,"11":3},"f":{"0":37,"1":37},"b":{"0":[1,36],"1":[1,35],"2":[11,24],"3":[35,35]},"_coverageSchema":"1a1c01bbd47fc00a2c39e90264f33305004495a9","hash":"13e8ddfee813f690c47568fdf4fba71d04308385"}
,"/Users/bartt/Projects/okrs/fakeEcommerce/src/common/components/StockStatus/index.ts": {"path":"/Users/bartt/Projects/okrs/fakeEcommerce/src/common/components/StockStatus/index.ts","statementMap":{},"fnMap":{},"branchMap":{},"s":{},"f":{},"b":{},"_coverageSchema":"1a1c01bbd47fc00a2c39e90264f33305004495a9","hash":"f742c095009aa06dd4d23eb0a4450fdf0c555d4e"}
,"/Users/bartt/Projects/okrs/fakeEcommerce/src/common/redux/index.ts": {"path":"/Users/bartt/Projects/okrs/fakeEcommerce/src/common/redux/index.ts","statementMap":{"0":{"start":{"line":10,"column":20},"end":{"line":13,"column":2}},"1":{"start":{"line":15,"column":26},"end":{"line":25,"column":1}},"2":{"start":{"line":16,"column":2},"end":{"line":24,"column":5}},"3":{"start":{"line":19,"column":6},"end":{"line":22,"column":35}},"4":{"start":{"line":26,"column":33},"end":{"line":26,"column":45}},"5":{"start":{"line":31,"column":49},"end":{"line":31,"column":60}},"6":{"start":{"line":32,"column":62},"end":{"line":32,"column":73}}},"fnMap":{"0":{"name":"(anonymous_0)","decl":{"start":{"line":15,"column":26},"end":{"line":15,"column":27}},"loc":{"start":{"line":15,"column":73},"end":{"line":25,"column":1}},"line":15},"1":{"name":"(anonymous_1)","decl":{"start":{"line":18,"column":16},"end":{"line":18,"column":17}},"loc":{"start":{"line":19,"column":6},"end":{"line":22,"column":35}},"line":19}},"branchMap":{},"s":{"0":11,"1":11,"2":58,"3":58,"4":11,"5":11,"6":11},"f":{"0":58,"1":58},"b":{},"_coverageSchema":"1a1c01bbd47fc00a2c39e90264f33305004495a9","hash":"ae14097a2abbd9abaf1d896856fc3aadf5793e49"}
,"/Users/bartt/Projects/okrs/fakeEcommerce/src/common/utils/helpers.ts": {"path":"/Users/bartt/Projects/okrs/fakeEcommerce/src/common/utils/helpers.ts","statementMap":{"0":{"start":{"line":3,"column":39},"end":{"line":17,"column":1}},"1":{"start":{"line":6,"column":2},"end":{"line":8,"column":3}},"2":{"start":{"line":7,"column":4},"end":{"line":7,"column":14}},"3":{"start":{"line":10,"column":2},"end":{"line":16,"column":4}},"4":{"start":{"line":12,"column":26},"end":{"line":15,"column":5}}},"fnMap":{"0":{"name":"(anonymous_0)","decl":{"start":{"line":3,"column":39},"end":{"line":3,"column":40}},"loc":{"start":{"line":5,"column":28},"end":{"line":17,"column":1}},"line":5},"1":{"name":"(anonymous_1)","decl":{"start":{"line":12,"column":17},"end":{"line":12,"column":18}},"loc":{"start":{"line":12,"column":26},"end":{"line":15,"column":5}},"line":12}},"branchMap":{"0":{"loc":{"start":{"line":6,"column":2},"end":{"line":8,"column":3}},"type":"if","locations":[{"start":{"line":6,"column":2},"end":{"line":8,"column":3}},{"start":{},"end":{}}],"line":6}},"s":{"0":2,"1":24,"2":9,"3":15,"4":30},"f":{"0":24,"1":30},"b":{"0":[9,15]},"_coverageSchema":"1a1c01bbd47fc00a2c39e90264f33305004495a9","hash":"6907a2a3c26d4146387ceb1f0055e355d425065d"}
,"/Users/bartt/Projects/okrs/fakeEcommerce/src/common/utils/testHelpers.tsx": {"path":"/Users/bartt/Projects/okrs/fakeEcommerce/src/common/utils/testHelpers.tsx","statementMap":{"0":{"start":{"line":18,"column":16},"end":{"line":29,"column":1}},"1":{"start":{"line":22,"column":2},"end":{"line":28,"column":4}},"2":{"start":{"line":39,"column":2},"end":{"line":42,"column":4}},"3":{"start":{"line":45,"column":24},"end":{"line":45,"column":41}}},"fnMap":{"0":{"name":"(anonymous_0)","decl":{"start":{"line":18,"column":16},"end":{"line":18,"column":17}},"loc":{"start":{"line":21,"column":54},"end":{"line":29,"column":1}},"line":21},"1":{"name":"renderWithProviders","decl":{"start":{"line":31,"column":16},"end":{"line":31,"column":35}},"loc":{"start":{"line":38,"column":2},"end":{"line":43,"column":1}},"line":38}},"branchMap":{"0":{"loc":{"start":{"line":20,"column":2},"end":{"line":20,"column":22}},"type":"default-arg","locations":[{"start":{"line":20,"column":10},"end":{"line":20,"column":22}}],"line":20},"1":{"loc":{"start":{"line":33,"column":2},"end":{"line":37,"column":31}},"type":"default-arg","locations":[{"start":{"line":37,"column":29},"end":{"line":37,"column":31}}],"line":33},"2":{"loc":{"start":{"line":34,"column":4},"end":{"line":34,"column":23}},"type":"default-arg","locations":[{"start":{"line":34,"column":21},"end":{"line":34,"column":23}}],"line":34},"3":{"loc":{"start":{"line":35,"column":4},"end":{"line":35,"column":38}},"type":"default-arg","locations":[{"start":{"line":35,"column":12},"end":{"line":35,"column":38}}],"line":35}},"s":{"0":10,"1":36,"2":36,"3":10},"f":{"0":36,"1":36},"b":{"0":[0],"1":[22],"2":[27],"3":[36]},"_coverageSchema":"1a1c01bbd47fc00a2c39e90264f33305004495a9","hash":"aea6528a1c81622df6da7b4d8eb13c275b5f56a8"}
,"/Users/bartt/Projects/okrs/fakeEcommerce/src/feature/Cart/AddToCartButton.tsx": {"path":"/Users/bartt/Projects/okrs/fakeEcommerce/src/feature/Cart/AddToCartButton.tsx","statementMap":{"0":{"start":{"line":15,"column":31},"end":{"line":65,"column":1}},"1":{"start":{"line":19,"column":18},"end":{"line":19,"column":26}},"2":{"start":{"line":20,"column":32},"end":{"line":20,"column":63}},"3":{"start":{"line":22,"column":4},"end":{"line":22,"column":63}},"4":{"start":{"line":22,"column":29},"end":{"line":22,"column":47}},"5":{"start":{"line":24,"column":22},"end":{"line":24,"column":45}},"6":{"start":{"line":25,"column":34},"end":{"line":25,"column":64}},"7":{"start":{"line":26,"column":19},"end":{"line":26,"column":29}},"8":{"start":{"line":27,"column":19},"end":{"line":27,"column":35}},"9":{"start":{"line":29,"column":25},"end":{"line":31,"column":3}},"10":{"start":{"line":30,"column":4},"end":{"line":30,"column":30}},"11":{"start":{"line":32,"column":25},"end":{"line":34,"column":3}},"12":{"start":{"line":33,"column":4},"end":{"line":33,"column":30}},"13":{"start":{"line":35,"column":26},"end":{"line":43,"column":3}},"14":{"start":{"line":36,"column":4},"end":{"line":41,"column":6}},"15":{"start":{"line":42,"column":4},"end":{"line":42,"column":18}},"16":{"start":{"line":45,"column":2},"end":{"line":64,"column":11}},"17":{"start":{"line":67,"column":15},"end":{"line":73,"column":2}}},"fnMap":{"0":{"name":"(anonymous_0)","decl":{"start":{"line":15,"column":31},"end":{"line":15,"column":32}},"loc":{"start":{"line":18,"column":28},"end":{"line":65,"column":1}},"line":18},"1":{"name":"(anonymous_1)","decl":{"start":{"line":22,"column":19},"end":{"line":22,"column":20}},"loc":{"start":{"line":22,"column":29},"end":{"line":22,"column":47}},"line":22},"2":{"name":"(anonymous_2)","decl":{"start":{"line":29,"column":25},"end":{"line":29,"column":26}},"loc":{"start":{"line":29,"column":31},"end":{"line":31,"column":3}},"line":29},"3":{"name":"(anonymous_3)","decl":{"start":{"line":32,"column":25},"end":{"line":32,"column":26}},"loc":{"start":{"line":32,"column":31},"end":{"line":34,"column":3}},"line":32},"4":{"name":"(anonymous_4)","decl":{"start":{"line":35,"column":26},"end":{"line":35,"column":27}},"loc":{"start":{"line":35,"column":32},"end":{"line":43,"column":3}},"line":35}},"branchMap":{"0":{"loc":{"start":{"line":22,"column":4},"end":{"line":22,"column":63}},"type":"binary-expr","locations":[{"start":{"line":22,"column":4},"end":{"line":22,"column":58}},{"start":{"line":22,"column":62},"end":{"line":22,"column":63}}],"line":22},"1":{"loc":{"start":{"line":25,"column":43},"end":{"line":25,"column":63}},"type":"binary-expr","locations":[{"start":{"line":25,"column":43},"end":{"line":25,"column":58}},{"start":{"line":25,"column":62},"end":{"line":25,"column":63}}],"line":25},"2":{"loc":{"start":{"line":45,"column":9},"end":{"line":64,"column":10}},"type":"cond-expr","locations":[{"start":{"line":46,"column":4},"end":{"line":63,"column":11}},{"start":{"line":64,"column":6},"end":{"line":64,"column":10}}],"line":45}},"s":{"0":11,"1":11,"2":11,"3":11,"4":3,"5":11,"6":11,"7":11,"8":11,"9":11,"10":2,"11":11,"12":1,"13":11,"14":2,"15":2,"16":11,"17":11},"f":{"0":11,"1":3,"2":2,"3":1,"4":2},"b":{"0":[11,8],"1":[11,8],"2":[11,0]},"_coverageSchema":"1a1c01bbd47fc00a2c39e90264f33305004495a9","hash":"3eaa2ef852a1213200a9b764199606faa2cd69ef"}
,"/Users/bartt/Projects/okrs/fakeEcommerce/src/feature/Cart/CartList.tsx": {"path":"/Users/bartt/Projects/okrs/fakeEcommerce/src/feature/Cart/CartList.tsx","statementMap":{"0":{"start":{"line":11,"column":24},"end":{"line":32,"column":1}},"1":{"start":{"line":12,"column":20},"end":{"line":12,"column":51}},"2":{"start":{"line":13,"column":21},"end":{"line":13,"column":67}},"3":{"start":{"line":14,"column":25},"end":{"line":14,"column":51}},"4":{"start":{"line":14,"column":31},"end":{"line":14,"column":51}},"5":{"start":{"line":16,"column":2},"end":{"line":18,"column":3}},"6":{"start":{"line":17,"column":4},"end":{"line":17,"column":62}},"7":{"start":{"line":20,"column":2},"end":{"line":31,"column":4}},"8":{"start":{"line":24,"column":32},"end":{"line":24,"column":60}},"9":{"start":{"line":25,"column":32},"end":{"line":25,"column":45}}},"fnMap":{"0":{"name":"(anonymous_0)","decl":{"start":{"line":11,"column":24},"end":{"line":11,"column":25}},"loc":{"start":{"line":11,"column":30},"end":{"line":32,"column":1}},"line":11},"1":{"name":"(anonymous_1)","decl":{"start":{"line":14,"column":25},"end":{"line":14,"column":26}},"loc":{"start":{"line":14,"column":31},"end":{"line":14,"column":51}},"line":14},"2":{"name":"(anonymous_2)","decl":{"start":{"line":24,"column":20},"end":{"line":24,"column":21}},"loc":{"start":{"line":24,"column":32},"end":{"line":24,"column":60}},"line":24},"3":{"name":"(anonymous_3)","decl":{"start":{"line":25,"column":22},"end":{"line":25,"column":23}},"loc":{"start":{"line":25,"column":32},"end":{"line":25,"column":45}},"line":25}},"branchMap":{"0":{"loc":{"start":{"line":16,"column":2},"end":{"line":18,"column":3}},"type":"if","locations":[{"start":{"line":16,"column":2},"end":{"line":18,"column":3}},{"start":{},"end":{}}],"line":16}},"s":{"0":11,"1":10,"2":10,"3":10,"4":1,"5":10,"6":1,"7":9,"8":17,"9":17},"f":{"0":10,"1":1,"2":17,"3":17},"b":{"0":[1,9]},"_coverageSchema":"1a1c01bbd47fc00a2c39e90264f33305004495a9","hash":"a8bbf5b236825f79f0a8af191a373df0b1ce204d"}
,"/Users/bartt/Projects/okrs/fakeEcommerce/src/feature/Cart/CartListItem.tsx": {"path":"/Users/bartt/Projects/okrs/fakeEcommerce/src/feature/Cart/CartListItem.tsx","statementMap":{"0":{"start":{"line":9,"column":28},"end":{"line":29,"column":1}},"1":{"start":{"line":10,"column":46},"end":{"line":10,"column":50}},"2":{"start":{"line":12,"column":2},"end":{"line":28,"column":4}},"3":{"start":{"line":31,"column":15},"end":{"line":44,"column":2}}},"fnMap":{"0":{"name":"(anonymous_0)","decl":{"start":{"line":9,"column":28},"end":{"line":9,"column":29}},"loc":{"start":{"line":9,"column":59},"end":{"line":29,"column":1}},"line":9}},"branchMap":{},"s":{"0":11,"1":17,"2":17,"3":11},"f":{"0":17},"b":{},"_coverageSchema":"1a1c01bbd47fc00a2c39e90264f33305004495a9","hash":"a1bf4dc6401055891b36f999bba381f041f5eb86"}
,"/Users/bartt/Projects/okrs/fakeEcommerce/src/feature/Cart/CartScreen.tsx": {"path":"/Users/bartt/Projects/okrs/fakeEcommerce/src/feature/Cart/CartScreen.tsx","statementMap":{"0":{"start":{"line":9,"column":26},"end":{"line":16,"column":1}},"1":{"start":{"line":10,"column":2},"end":{"line":15,"column":4}}},"fnMap":{"0":{"name":"(anonymous_0)","decl":{"start":{"line":9,"column":26},"end":{"line":9,"column":27}},"loc":{"start":{"line":9,"column":32},"end":{"line":16,"column":1}},"line":9}},"branchMap":{},"s":{"0":11,"1":6},"f":{"0":6},"b":{},"_coverageSchema":"1a1c01bbd47fc00a2c39e90264f33305004495a9","hash":"f0acd85ad8de6ad9b94d68235e5895e3ae22b173"}
,"/Users/bartt/Projects/okrs/fakeEcommerce/src/feature/Cart/EditQuantityButton.tsx": {"path":"/Users/bartt/Projects/okrs/fakeEcommerce/src/feature/Cart/EditQuantityButton.tsx","statementMap":{"0":{"start":{"line":10,"column":34},"end":{"line":51,"column":1}},"1":{"start":{"line":11,"column":39},"end":{"line":11,"column":47}},"2":{"start":{"line":12,"column":19},"end":{"line":12,"column":35}},"3":{"start":{"line":14,"column":25},"end":{"line":21,"column":3}},"4":{"start":{"line":15,"column":4},"end":{"line":20,"column":6}},"5":{"start":{"line":22,"column":25},"end":{"line":29,"column":3}},"6":{"start":{"line":23,"column":4},"end":{"line":28,"column":6}},"7":{"start":{"line":30,"column":23},"end":{"line":32,"column":3}},"8":{"start":{"line":31,"column":4},"end":{"line":31,"column":37}},"9":{"start":{"line":34,"column":2},"end":{"line":50,"column":4}},"10":{"start":{"line":53,"column":15},"end":{"line":58,"column":2}}},"fnMap":{"0":{"name":"(anonymous_0)","decl":{"start":{"line":10,"column":34},"end":{"line":10,"column":35}},"loc":{"start":{"line":10,"column":75},"end":{"line":51,"column":1}},"line":10},"1":{"name":"(anonymous_1)","decl":{"start":{"line":14,"column":25},"end":{"line":14,"column":26}},"loc":{"start":{"line":14,"column":31},"end":{"line":21,"column":3}},"line":14},"2":{"name":"(anonymous_2)","decl":{"start":{"line":22,"column":25},"end":{"line":22,"column":26}},"loc":{"start":{"line":22,"column":31},"end":{"line":29,"column":3}},"line":22},"3":{"name":"(anonymous_3)","decl":{"start":{"line":30,"column":23},"end":{"line":30,"column":24}},"loc":{"start":{"line":30,"column":29},"end":{"line":32,"column":3}},"line":30}},"branchMap":{},"s":{"0":11,"1":17,"2":17,"3":17,"4":1,"5":17,"6":2,"7":17,"8":1,"9":17,"10":11},"f":{"0":17,"1":1,"2":2,"3":1},"b":{},"_coverageSchema":"1a1c01bbd47fc00a2c39e90264f33305004495a9","hash":"ebed41d1bb9c0d1083f404f1eba7a1361aadee7a"}
,"/Users/bartt/Projects/okrs/fakeEcommerce/src/feature/Cart/cartSelectors.ts": {"path":"/Users/bartt/Projects/okrs/fakeEcommerce/src/feature/Cart/cartSelectors.ts","statementMap":{"0":{"start":{"line":3,"column":31},"end":{"line":3,"column":75}},"1":{"start":{"line":3,"column":52},"end":{"line":3,"column":75}}},"fnMap":{"0":{"name":"(anonymous_0)","decl":{"start":{"line":3,"column":31},"end":{"line":3,"column":32}},"loc":{"start":{"line":3,"column":52},"end":{"line":3,"column":75}},"line":3}},"branchMap":{},"s":{"0":11,"1":31},"f":{"0":31},"b":{},"_coverageSchema":"1a1c01bbd47fc00a2c39e90264f33305004495a9","hash":"a71344ed9ea3288f8916f8aed0c2b77122df37ec"}
,"/Users/bartt/Projects/okrs/fakeEcommerce/src/feature/Cart/cartSlice.ts": {"path":"/Users/bartt/Projects/okrs/fakeEcommerce/src/feature/Cart/cartSlice.ts","statementMap":{"0":{"start":{"line":14,"column":36},"end":{"line":16,"column":1}},"1":{"start":{"line":18,"column":18},"end":{"line":40,"column":2}},"2":{"start":{"line":23,"column":31},"end":{"line":25,"column":7}},"3":{"start":{"line":24,"column":18},"end":{"line":24,"column":35}},"4":{"start":{"line":27,"column":6},"end":{"line":31,"column":7}},"5":{"start":{"line":28,"column":8},"end":{"line":28,"column":48}},"6":{"start":{"line":30,"column":8},"end":{"line":30,"column":48}},"7":{"start":{"line":34,"column":6},"end":{"line":34,"column":68}},"8":{"start":{"line":34,"column":47},"end":{"line":34,"column":66}},"9":{"start":{"line":37,"column":6},"end":{"line":37,"column":23}},"10":{"start":{"line":45,"column":4},"end":{"line":45,"column":13}}},"fnMap":{"0":{"name":"(anonymous_0)","decl":{"start":{"line":22,"column":23},"end":{"line":22,"column":24}},"loc":{"start":{"line":22,"column":70},"end":{"line":32,"column":5}},"line":22},"1":{"name":"(anonymous_1)","decl":{"start":{"line":24,"column":8},"end":{"line":24,"column":9}},"loc":{"start":{"line":24,"column":18},"end":{"line":24,"column":35}},"line":24},"2":{"name":"(anonymous_2)","decl":{"start":{"line":33,"column":24},"end":{"line":33,"column":25}},"loc":{"start":{"line":33,"column":77},"end":{"line":35,"column":5}},"line":33},"3":{"name":"(anonymous_3)","decl":{"start":{"line":34,"column":39},"end":{"line":34,"column":40}},"loc":{"start":{"line":34,"column":47},"end":{"line":34,"column":66}},"line":34},"4":{"name":"(anonymous_4)","decl":{"start":{"line":36,"column":15},"end":{"line":36,"column":16}},"loc":{"start":{"line":36,"column":24},"end":{"line":38,"column":5}},"line":36}},"branchMap":{"0":{"loc":{"start":{"line":27,"column":6},"end":{"line":31,"column":7}},"type":"if","locations":[{"start":{"line":27,"column":6},"end":{"line":31,"column":7}},{"start":{"line":29,"column":13},"end":{"line":31,"column":7}}],"line":27}},"s":{"0":11,"1":11,"2":5,"3":3,"4":5,"5":3,"6":2,"7":1,"8":2,"9":1,"10":11},"f":{"0":5,"1":3,"2":1,"3":2,"4":1},"b":{"0":[3,2]},"_coverageSchema":"1a1c01bbd47fc00a2c39e90264f33305004495a9","hash":"ac3533495d3c3973608b79a321e0d17fd55a7cdb"}
,"/Users/bartt/Projects/okrs/fakeEcommerce/src/feature/Cart/index.ts": {"path":"/Users/bartt/Projects/okrs/fakeEcommerce/src/feature/Cart/index.ts","statementMap":{},"fnMap":{},"branchMap":{},"s":{},"f":{},"b":{},"_coverageSchema":"1a1c01bbd47fc00a2c39e90264f33305004495a9","hash":"5fc06bbfdb0abca67544a3a679bb36f14edae6dd"}
,"/Users/bartt/Projects/okrs/fakeEcommerce/src/feature/Checkout/CheckoutConfirmMessage.tsx": {"path":"/Users/bartt/Projects/okrs/fakeEcommerce/src/feature/Checkout/CheckoutConfirmMessage.tsx","statementMap":{"0":{"start":{"line":9,"column":27},"end":{"line":9,"column":75}},"1":{"start":{"line":11,"column":38},"end":{"line":29,"column":1}},"2":{"start":{"line":12,"column":21},"end":{"line":12,"column":67}},"3":{"start":{"line":13,"column":23},"end":{"line":13,"column":49}},"4":{"start":{"line":13,"column":29},"end":{"line":13,"column":49}},"5":{"start":{"line":15,"column":2},"end":{"line":28,"column":4}},"6":{"start":{"line":31,"column":15},"end":{"line":40,"column":2}}},"fnMap":{"0":{"name":"(anonymous_0)","decl":{"start":{"line":11,"column":38},"end":{"line":11,"column":39}},"loc":{"start":{"line":11,"column":44},"end":{"line":29,"column":1}},"line":11},"1":{"name":"(anonymous_1)","decl":{"start":{"line":13,"column":23},"end":{"line":13,"column":24}},"loc":{"start":{"line":13,"column":29},"end":{"line":13,"column":49}},"line":13}},"branchMap":{},"s":{"0":1,"1":1,"2":1,"3":1,"4":0,"5":1,"6":1},"f":{"0":1,"1":0},"b":{},"_coverageSchema":"1a1c01bbd47fc00a2c39e90264f33305004495a9","hash":"c59bc3c823a50eac213550305d6747b40d96869f"}
,"/Users/bartt/Projects/okrs/fakeEcommerce/src/feature/Checkout/CheckoutForm.tsx": {"path":"/Users/bartt/Projects/okrs/fakeEcommerce/src/feature/Checkout/CheckoutForm.tsx","statementMap":{"0":{"start":{"line":12,"column":24},"end":{"line":18,"column":1}},"1":{"start":{"line":19,"column":22},"end":{"line":22,"column":1}},"2":{"start":{"line":23,"column":22},"end":{"line":23,"column":79}},"3":{"start":{"line":23,"column":41},"end":{"line":23,"column":79}},"4":{"start":{"line":24,"column":25},"end":{"line":25,"column":41}},"5":{"start":{"line":25,"column":2},"end":{"line":25,"column":41}},"6":{"start":{"line":27,"column":28},"end":{"line":91,"column":1}},"7":{"start":{"line":28,"column":26},"end":{"line":28,"column":38}},"8":{"start":{"line":29,"column":32},"end":{"line":29,"column":44}},"9":{"start":{"line":30,"column":30},"end":{"line":30,"column":42}},"10":{"start":{"line":31,"column":30},"end":{"line":31,"column":70}},"11":{"start":{"line":33,"column":23},"end":{"line":50,"column":3}},"12":{"start":{"line":34,"column":23},"end":{"line":34,"column":41}},"13":{"start":{"line":35,"column":24},"end":{"line":35,"column":43}},"14":{"start":{"line":36,"column":27},"end":{"line":36,"column":52}},"15":{"start":{"line":38,"column":4},"end":{"line":40,"column":70}},"16":{"start":{"line":41,"column":4},"end":{"line":43,"column":74}},"17":{"start":{"line":45,"column":4},"end":{"line":45,"column":26}},"18":{"start":{"line":47,"column":4},"end":{"line":49,"column":5}},"19":{"start":{"line":48,"column":6},"end":{"line":48,"column":17}},"20":{"start":{"line":52,"column":2},"end":{"line":90,"column":4}},"21":{"start":{"line":80,"column":32},"end":{"line":80,"column":67}},"22":{"start":{"line":93,"column":15},"end":{"line":99,"column":2}}},"fnMap":{"0":{"name":"(anonymous_0)","decl":{"start":{"line":23,"column":22},"end":{"line":23,"column":23}},"loc":{"start":{"line":23,"column":41},"end":{"line":23,"column":79}},"line":23},"1":{"name":"(anonymous_1)","decl":{"start":{"line":24,"column":25},"end":{"line":24,"column":26}},"loc":{"start":{"line":25,"column":2},"end":{"line":25,"column":41}},"line":25},"2":{"name":"(anonymous_2)","decl":{"start":{"line":27,"column":28},"end":{"line":27,"column":29}},"loc":{"start":{"line":27,"column":63},"end":{"line":91,"column":1}},"line":27},"3":{"name":"(anonymous_3)","decl":{"start":{"line":33,"column":23},"end":{"line":33,"column":24}},"loc":{"start":{"line":33,"column":29},"end":{"line":50,"column":3}},"line":33},"4":{"name":"(anonymous_4)","decl":{"start":{"line":80,"column":20},"end":{"line":80,"column":21}},"loc":{"start":{"line":80,"column":32},"end":{"line":80,"column":67}},"line":80}},"branchMap":{"0":{"loc":{"start":{"line":23,"column":41},"end":{"line":23,"column":79}},"type":"binary-expr","locations":[{"start":{"line":23,"column":41},"end":{"line":23,"column":57}},{"start":{"line":23,"column":61},"end":{"line":23,"column":79}}],"line":23},"1":{"loc":{"start":{"line":25,"column":2},"end":{"line":25,"column":41}},"type":"binary-expr","locations":[{"start":{"line":25,"column":2},"end":{"line":25,"column":19}},{"start":{"line":25,"column":23},"end":{"line":25,"column":41}}],"line":25},"2":{"loc":{"start":{"line":38,"column":22},"end":{"line":40,"column":69}},"type":"cond-expr","locations":[{"start":{"line":39,"column":8},"end":{"line":39,"column":10}},{"start":{"line":40,"column":8},"end":{"line":40,"column":69}}],"line":38},"3":{"loc":{"start":{"line":41,"column":25},"end":{"line":43,"column":73}},"type":"cond-expr","locations":[{"start":{"line":42,"column":8},"end":{"line":42,"column":10}},{"start":{"line":43,"column":8},"end":{"line":43,"column":73}}],"line":41},"4":{"loc":{"start":{"line":47,"column":4},"end":{"line":49,"column":5}},"type":"if","locations":[{"start":{"line":47,"column":4},"end":{"line":49,"column":5}},{"start":{},"end":{}}],"line":47},"5":{"loc":{"start":{"line":47,"column":8},"end":{"line":47,"column":37}},"type":"binary-expr","locations":[{"start":{"line":47,"column":8},"end":{"line":47,"column":22}},{"start":{"line":47,"column":26},"end":{"line":47,"column":37}}],"line":47}},"s":{"0":1,"1":1,"2":1,"3":2,"4":1,"5":2,"6":1,"7":63,"8":63,"9":63,"10":63,"11":63,"12":2,"13":2,"14":2,"15":2,"16":2,"17":2,"18":2,"19":1,"20":63,"21":1,"22":1},"f":{"0":2,"1":2,"2":63,"3":2,"4":1},"b":{"0":[2,1],"1":[2,1],"2":[1,1],"3":[1,1],"4":[1,1],"5":[2,1]},"_coverageSchema":"1a1c01bbd47fc00a2c39e90264f33305004495a9","hash":"61e47a0d332466086cfc52d04b7f24faf44e4172"}
,"/Users/bartt/Projects/okrs/fakeEcommerce/src/feature/Checkout/CheckoutScreen.tsx": {"path":"/Users/bartt/Projects/okrs/fakeEcommerce/src/feature/Checkout/CheckoutScreen.tsx","statementMap":{"0":{"start":{"line":8,"column":30},"end":{"line":25,"column":1}},"1":{"start":{"line":9,"column":36},"end":{"line":9,"column":51}},"2":{"start":{"line":10,"column":19},"end":{"line":10,"column":35}},"3":{"start":{"line":11,"column":25},"end":{"line":14,"column":3}},"4":{"start":{"line":12,"column":4},"end":{"line":12,"column":26}},"5":{"start":{"line":13,"column":4},"end":{"line":13,"column":23}},"6":{"start":{"line":16,"column":2},"end":{"line":24,"column":4}}},"fnMap":{"0":{"name":"(anonymous_0)","decl":{"start":{"line":8,"column":30},"end":{"line":8,"column":31}},"loc":{"start":{"line":8,"column":36},"end":{"line":25,"column":1}},"line":8},"1":{"name":"(anonymous_1)","decl":{"start":{"line":11,"column":25},"end":{"line":11,"column":26}},"loc":{"start":{"line":11,"column":31},"end":{"line":14,"column":3}},"line":11}},"branchMap":{"0":{"loc":{"start":{"line":18,"column":7},"end":{"line":22,"column":7}},"type":"cond-expr","locations":[{"start":{"line":19,"column":8},"end":{"line":19,"column":34}},{"start":{"line":21,"column":8},"end":{"line":21,"column":50}}],"line":18}},"s":{"0":1,"1":4,"2":4,"3":4,"4":1,"5":1,"6":4},"f":{"0":4,"1":1},"b":{"0":[1,3]},"_coverageSchema":"1a1c01bbd47fc00a2c39e90264f33305004495a9","hash":"1911dd15587aeaaf689cbe1ed1d2cfbd72648426"}
,"/Users/bartt/Projects/okrs/fakeEcommerce/src/feature/Products/ProductItem.tsx": {"path":"/Users/bartt/Projects/okrs/fakeEcommerce/src/feature/Products/ProductItem.tsx","statementMap":{"0":{"start":{"line":14,"column":27},"end":{"line":57,"column":1}},"1":{"start":{"line":21,"column":21},"end":{"line":21,"column":76}},"2":{"start":{"line":22,"column":27},"end":{"line":24,"column":3}},"3":{"start":{"line":23,"column":4},"end":{"line":23,"column":47}},"4":{"start":{"line":25,"column":2},"end":{"line":56,"column":4}},"5":{"start":{"line":59,"column":15},"end":{"line":74,"column":2}}},"fnMap":{"0":{"name":"(anonymous_0)","decl":{"start":{"line":14,"column":27},"end":{"line":14,"column":28}},"loc":{"start":{"line":20,"column":24},"end":{"line":57,"column":1}},"line":20},"1":{"name":"(anonymous_1)","decl":{"start":{"line":22,"column":27},"end":{"line":22,"column":28}},"loc":{"start":{"line":22,"column":33},"end":{"line":24,"column":3}},"line":22}},"branchMap":{},"s":{"0":1,"1":25,"2":25,"3":1,"4":25,"5":1},"f":{"0":25,"1":1},"b":{},"_coverageSchema":"1a1c01bbd47fc00a2c39e90264f33305004495a9","hash":"d52462557441e0ffa45f78a9964fa58a6bf3db91"}
,"/Users/bartt/Projects/okrs/fakeEcommerce/src/feature/Products/ProductsScreen.tsx": {"path":"/Users/bartt/Projects/okrs/fakeEcommerce/src/feature/Products/ProductsScreen.tsx","statementMap":{"0":{"start":{"line":12,"column":20},"end":{"line":12,"column":22}},"1":{"start":{"line":14,"column":30},"end":{"line":94,"column":1}},"2":{"start":{"line":15,"column":32},"end":{"line":18,"column":4}},"3":{"start":{"line":21,"column":4},"end":{"line":21,"column":29}},"4":{"start":{"line":23,"column":4},"end":{"line":23,"column":24}},"5":{"start":{"line":24,"column":28},"end":{"line":24,"column":63}},"6":{"start":{"line":25,"column":30},"end":{"line":30,"column":3}},"7":{"start":{"line":26,"column":4},"end":{"line":29,"column":7}},"8":{"start":{"line":31,"column":27},"end":{"line":36,"column":3}},"9":{"start":{"line":32,"column":4},"end":{"line":35,"column":7}},"10":{"start":{"line":37,"column":20},"end":{"line":37,"column":60}},"11":{"start":{"line":38,"column":18},"end":{"line":55,"column":3}},"12":{"start":{"line":40,"column":6},"end":{"line":52,"column":8}},"13":{"start":{"line":42,"column":32},"end":{"line":42,"column":45}},"14":{"start":{"line":44,"column":10},"end":{"line":50,"column":12}},"15":{"start":{"line":57,"column":2},"end":{"line":62,"column":31}},"16":{"start":{"line":58,"column":4},"end":{"line":61,"column":7}},"17":{"start":{"line":64,"column":2},"end":{"line":66,"column":3}},"18":{"start":{"line":65,"column":4},"end":{"line":65,"column":76}},"19":{"start":{"line":68,"column":2},"end":{"line":93,"column":4}},"20":{"start":{"line":96,"column":15},"end":{"line":103,"column":2}}},"fnMap":{"0":{"name":"(anonymous_0)","decl":{"start":{"line":14,"column":30},"end":{"line":14,"column":31}},"loc":{"start":{"line":14,"column":36},"end":{"line":94,"column":1}},"line":14},"1":{"name":"(anonymous_1)","decl":{"start":{"line":25,"column":30},"end":{"line":25,"column":31}},"loc":{"start":{"line":25,"column":72},"end":{"line":30,"column":3}},"line":25},"2":{"name":"(anonymous_2)","decl":{"start":{"line":31,"column":27},"end":{"line":31,"column":28}},"loc":{"start":{"line":31,"column":48},"end":{"line":36,"column":3}},"line":31},"3":{"name":"(anonymous_3)","decl":{"start":{"line":39,"column":4},"end":{"line":39,"column":5}},"loc":{"start":{"line":40,"column":6},"end":{"line":52,"column":8}},"line":40},"4":{"name":"(anonymous_4)","decl":{"start":{"line":42,"column":22},"end":{"line":42,"column":23}},"loc":{"start":{"line":42,"column":32},"end":{"line":42,"column":45}},"line":42},"5":{"name":"(anonymous_5)","decl":{"start":{"line":43,"column":20},"end":{"line":43,"column":21}},"loc":{"start":{"line":44,"column":10},"end":{"line":50,"column":12}},"line":44},"6":{"name":"(anonymous_6)","decl":{"start":{"line":57,"column":12},"end":{"line":57,"column":13}},"loc":{"start":{"line":57,"column":18},"end":{"line":62,"column":3}},"line":57}},"branchMap":{"0":{"loc":{"start":{"line":37,"column":20},"end":{"line":37,"column":60}},"type":"binary-expr","locations":[{"start":{"line":37,"column":20},"end":{"line":37,"column":39}},{"start":{"line":37,"column":43},"end":{"line":37,"column":60}}],"line":37},"1":{"loc":{"start":{"line":64,"column":2},"end":{"line":66,"column":3}},"type":"if","locations":[{"start":{"line":64,"column":2},"end":{"line":66,"column":3}},{"start":{},"end":{}}],"line":64},"2":{"loc":{"start":{"line":64,"column":6},"end":{"line":64,"column":74}},"type":"binary-expr","locations":[{"start":{"line":64,"column":7},"end":{"line":64,"column":17}},{"start":{"line":64,"column":21},"end":{"line":64,"column":34}},{"start":{"line":64,"column":39},"end":{"line":64,"column":74}}],"line":64},"3":{"loc":{"start":{"line":70,"column":7},"end":{"line":79,"column":7}},"type":"binary-expr","locations":[{"start":{"line":70,"column":7},"end":{"line":70,"column":17}},{"start":{"line":71,"column":8},"end":{"line":78,"column":15}}],"line":70},"4":{"loc":{"start":{"line":80,"column":7},"end":{"line":84,"column":7}},"type":"binary-expr","locations":[{"start":{"line":80,"column":7},"end":{"line":80,"column":19}},{"start":{"line":81,"column":8},"end":{"line":83,"column":30}}],"line":80},"5":{"loc":{"start":{"line":85,"column":7},"end":{"line":91,"column":7}},"type":"binary-expr","locations":[{"start":{"line":85,"column":7},"end":{"line":85,"column":19}},{"start":{"line":86,"column":8},"end":{"line":90,"column":10}}],"line":85}},"s":{"0":1,"1":1,"2":22,"3":22,"4":22,"5":22,"6":22,"7":1,"8":22,"9":1,"10":22,"11":22,"12":10,"13":25,"14":25,"15":22,"16":6,"17":22,"18":0,"19":22,"20":1},"f":{"0":22,"1":1,"2":1,"3":10,"4":25,"5":25,"6":6},"b":{"0":[22,14],"1":[0,22],"2":[22,10,22],"3":[22,14],"4":[22,10],"5":[22,10]},"_coverageSchema":"1a1c01bbd47fc00a2c39e90264f33305004495a9","hash":"af57bd397cb2acd0e77275ffbca5c96361ce2891"}
,"/Users/bartt/Projects/okrs/fakeEcommerce/src/feature/SingleProduct/SingleProduct.tsx": {"path":"/Users/bartt/Projects/okrs/fakeEcommerce/src/feature/SingleProduct/SingleProduct.tsx","statementMap":{"0":{"start":{"line":11,"column":29},"end":{"line":61,"column":1}},"1":{"start":{"line":12,"column":28},"end":{"line":12,"column":67}},"2":{"start":{"line":13,"column":21},"end":{"line":13,"column":67}},"3":{"start":{"line":15,"column":52},"end":{"line":15,"column":67}},"4":{"start":{"line":16,"column":23},"end":{"line":16,"column":55}},"5":{"start":{"line":16,"column":29},"end":{"line":16,"column":55}},"6":{"start":{"line":17,"column":23},"end":{"line":17,"column":56}},"7":{"start":{"line":17,"column":29},"end":{"line":17,"column":56}},"8":{"start":{"line":19,"column":2},"end":{"line":25,"column":26}},"9":{"start":{"line":20,"column":4},"end":{"line":23,"column":5}},"10":{"start":{"line":21,"column":6},"end":{"line":21,"column":46}},"11":{"start":{"line":22,"column":6},"end":{"line":22,"column":65}},"12":{"start":{"line":24,"column":4},"end":{"line":24,"column":57}},"13":{"start":{"line":24,"column":17},"end":{"line":24,"column":56}},"14":{"start":{"line":27,"column":2},"end":{"line":60,"column":4}},"15":{"start":{"line":54,"column":12},"end":{"line":54,"column":29}},"16":{"start":{"line":63,"column":15},"end":{"line":70,"column":2}}},"fnMap":{"0":{"name":"(anonymous_0)","decl":{"start":{"line":11,"column":29},"end":{"line":11,"column":30}},"loc":{"start":{"line":11,"column":58},"end":{"line":61,"column":1}},"line":11},"1":{"name":"(anonymous_1)","decl":{"start":{"line":16,"column":23},"end":{"line":16,"column":24}},"loc":{"start":{"line":16,"column":29},"end":{"line":16,"column":55}},"line":16},"2":{"name":"(anonymous_2)","decl":{"start":{"line":17,"column":23},"end":{"line":17,"column":24}},"loc":{"start":{"line":17,"column":29},"end":{"line":17,"column":56}},"line":17},"3":{"name":"(anonymous_3)","decl":{"start":{"line":19,"column":12},"end":{"line":19,"column":13}},"loc":{"start":{"line":19,"column":18},"end":{"line":25,"column":3}},"line":19},"4":{"name":"(anonymous_4)","decl":{"start":{"line":24,"column":11},"end":{"line":24,"column":12}},"loc":{"start":{"line":24,"column":17},"end":{"line":24,"column":56}},"line":24},"5":{"name":"(anonymous_5)","decl":{"start":{"line":53,"column":19},"end":{"line":53,"column":20}},"loc":{"start":{"line":53,"column":25},"end":{"line":55,"column":11}},"line":53}},"branchMap":{"0":{"loc":{"start":{"line":20,"column":4},"end":{"line":23,"column":5}},"type":"if","locations":[{"start":{"line":20,"column":4},"end":{"line":23,"column":5}},{"start":{},"end":{}}],"line":20},"1":{"loc":{"start":{"line":29,"column":7},"end":{"line":47,"column":7}},"type":"binary-expr","locations":[{"start":{"line":29,"column":7},"end":{"line":29,"column":11}},{"start":{"line":30,"column":8},"end":{"line":46,"column":21}}],"line":29}},"s":{"0":1,"1":8,"2":8,"3":8,"4":8,"5":2,"6":8,"7":1,"8":8,"9":8,"10":2,"11":2,"12":8,"13":8,"14":8,"15":1,"16":1},"f":{"0":8,"1":2,"2":1,"3":8,"4":8,"5":1},"b":{"0":[2,6],"1":[8,8]},"_coverageSchema":"1a1c01bbd47fc00a2c39e90264f33305004495a9","hash":"da19aa7a44561b45931591c08cfdd4cb3ebaed3f"}
,"/Users/bartt/Projects/okrs/fakeEcommerce/src/feature/SingleProduct/SingleProductScreen.tsx": {"path":"/Users/bartt/Projects/okrs/fakeEcommerce/src/feature/SingleProduct/SingleProductScreen.tsx","statementMap":{"0":{"start":{"line":8,"column":35},"end":{"line":24,"column":1}},"1":{"start":{"line":9,"column":19},"end":{"line":9,"column":64}},"2":{"start":{"line":10,"column":23},"end":{"line":10,"column":38}},"3":{"start":{"line":11,"column":28},"end":{"line":11,"column":67}},"4":{"start":{"line":13,"column":2},"end":{"line":17,"column":25}},"5":{"start":{"line":14,"column":4},"end":{"line":14,"column":49}},"6":{"start":{"line":16,"column":4},"end":{"line":16,"column":47}},"7":{"start":{"line":16,"column":17},"end":{"line":16,"column":46}},"8":{"start":{"line":19,"column":2},"end":{"line":23,"column":4}}},"fnMap":{"0":{"name":"(anonymous_0)","decl":{"start":{"line":8,"column":35},"end":{"line":8,"column":36}},"loc":{"start":{"line":8,"column":41},"end":{"line":24,"column":1}},"line":8},"1":{"name":"(anonymous_1)","decl":{"start":{"line":13,"column":12},"end":{"line":13,"column":13}},"loc":{"start":{"line":13,"column":18},"end":{"line":17,"column":3}},"line":13},"2":{"name":"(anonymous_2)","decl":{"start":{"line":16,"column":11},"end":{"line":16,"column":12}},"loc":{"start":{"line":16,"column":17},"end":{"line":16,"column":46}},"line":16}},"branchMap":{"0":{"loc":{"start":{"line":14,"column":29},"end":{"line":14,"column":46}},"type":"binary-expr","locations":[{"start":{"line":14,"column":29},"end":{"line":14,"column":40}},{"start":{"line":14,"column":44},"end":{"line":14,"column":46}}],"line":14},"1":{"loc":{"start":{"line":21,"column":7},"end":{"line":21,"column":44}},"type":"binary-expr","locations":[{"start":{"line":21,"column":7},"end":{"line":21,"column":11}},{"start":{"line":21,"column":15},"end":{"line":21,"column":44}}],"line":21}},"s":{"0":1,"1":15,"2":15,"3":15,"4":15,"5":10,"6":10,"7":10,"8":15},"f":{"0":15,"1":10,"2":10},"b":{"0":[10,5],"1":[15,5]},"_coverageSchema":"1a1c01bbd47fc00a2c39e90264f33305004495a9","hash":"ea87a9d1085dc4af9254a0999e5dda51eb8d94ad"}
}
