TN:
SF:src/common/api/index.ts
FN:15,(anonymous_0)
FN:17,(anonymous_1)
FN:24,(anonymous_2)
FN:27,(anonymous_3)
FNF:4
FNH:4
FNDA:11,(anonymous_0)
FNDA:6,(anonymous_1)
FNDA:5,(anonymous_2)
FNDA:4,(anonymous_3)
DA:10,11
DA:12,11
DA:15,11
DA:18,6
DA:20,6
DA:24,5
DA:27,4
DA:37,11
LF:8
LH:8
BRDA:18,0,0,1
BRDA:18,0,1,5
BRF:2
BRH:2
end_of_record
TN:
SF:src/common/api/msw-mocks/productsHandlers.ts
FN:110,(anonymous_0)
FN:119,(anonymous_1)
FN:122,(anonymous_2)
FN:133,(anonymous_3)
FNF:4
FNH:4
FNDA:5,(anonymous_0)
FNDA:5,(anonymous_1)
FNDA:1,(anonymous_2)
FNDA:4,(anonymous_3)
DA:5,11
DA:57,11
DA:94,11
DA:100,11
DA:107,11
DA:109,11
DA:111,5
DA:113,5
DA:114,1
DA:117,4
DA:120,5
DA:123,1
DA:134,4
LF:13
LH:13
BRDA:113,0,0,1
BRDA:113,0,1,4
BRF:2
BRH:2
end_of_record
TN:
SF:src/common/api/msw-mocks/server.ts
FNF:0
FNH:0
DA:6,11
LF:1
LH:1
BRF:0
BRH:0
end_of_record
TN:
SF:src/common/components/Dropdown/Dropdown.tsx
FN:17,(anonymous_0)
FN:28,(anonymous_1)
FN:29,(anonymous_2)
FN:30,(anonymous_3)
FN:65,(anonymous_4)
FN:69,(anonymous_5)
FNF:6
FNH:6
FNDA:87,(anonymous_0)
FNDA:4,(anonymous_1)
FNDA:4,(anonymous_2)
FNDA:4,(anonymous_3)
FNDA:189,(anonymous_4)
FNDA:4,(anonymous_5)
DA:17,3
DA:24,87
DA:25,87
DA:28,87
DA:29,87
DA:30,87
DA:31,4
DA:32,4
DA:33,4
DA:42,87
DA:66,189
DA:69,4
DA:77,3
LF:13
LH:13
BRDA:26,0,0,87
BRDA:26,0,1,7
BRDA:44,1,0,87
BRDA:44,1,1,65
BRDA:62,2,0,87
BRDA:62,2,1,5
BRF:6
BRH:6
end_of_record
TN:
SF:src/common/components/Dropdown/index.ts
FNF:0
FNH:0
LF:0
LH:0
BRF:0
BRH:0
end_of_record
TN:
SF:src/common/components/ImageSlider/ImageSlider.tsx
FN:10,(anonymous_0)
FN:17,(anonymous_1)
FNF:2
FNH:2
FNDA:9,(anonymous_0)
FNDA:17,(anonymous_1)
DA:7,2
DA:8,2
DA:10,2
DA:11,9
DA:18,17
DA:20,17
DA:39,2
LF:7
LH:7
BRF:0
BRH:0
end_of_record
TN:
SF:src/common/components/ImageSlider/index.ts
FNF:0
FNH:0
LF:0
LH:0
BRF:0
BRH:0
end_of_record
TN:
SF:src/common/components/NoDataPlaceholder/NoDataPlaceholder.tsx
FN:7,(anonymous_0)
FNF:1
FNH:1
FNDA:2,(anonymous_0)
DA:7,11
DA:8,2
DA:16,11
LF:3
LH:3
BRF:0
BRH:0
end_of_record
TN:
SF:src/common/components/NoDataPlaceholder/index.ts
FNF:0
FNH:0
LF:0
LH:0
BRF:0
BRH:0
end_of_record
TN:
SF:src/common/components/QuantityInput/QuantityInput.tsx
FN:13,(anonymous_0)
FN:22,(anonymous_1)
FN:27,(anonymous_2)
FNF:3
FNH:3
FNDA:38,(anonymous_0)
FNDA:4,(anonymous_1)
FNDA:8,(anonymous_2)
DA:13,11
DA:20,38
DA:22,38
DA:23,4
DA:24,4
DA:27,38
DA:28,8
DA:29,8
DA:33,38
DA:63,11
LF:10
LH:10
BRDA:17,0,0,3
BRDA:18,1,0,3
BRDA:23,2,0,4
BRDA:23,2,1,0
BRDA:28,3,0,8
BRDA:28,3,1,0
BRF:6
BRH:4
end_of_record
TN:
SF:src/common/components/QuantityInput/index.ts
FNF:0
FNH:0
LF:0
LH:0
BRF:0
BRH:0
end_of_record
TN:
SF:src/common/components/ScreenRollupWrapper/ScreenRollupWrapper.tsx
FN:16,(anonymous_0)
FN:30,(anonymous_1)
FN:51,(anonymous_2)
FNF:3
FNH:3
FNDA:37,(anonymous_0)
FNDA:37,(anonymous_1)
FNDA:37,(anonymous_2)
DA:14,11
DA:16,11
DA:24,37
DA:25,37
DA:26,37
DA:27,37
DA:28,37
DA:30,37
DA:31,37
DA:32,26
DA:51,37
DA:52,37
DA:53,37
DA:54,37
DA:58,37
DA:59,11
DA:66,26
DA:95,11
LF:18
LH:18
BRDA:18,0,0,35
BRDA:19,1,0,37
BRDA:22,2,0,7
BRDA:31,3,0,26
BRDA:31,3,1,11
BRDA:31,4,0,37
BRDA:31,4,1,26
BRDA:58,5,0,11
BRDA:58,5,1,26
BRDA:78,6,0,26
BRDA:78,6,1,26
BRDA:85,7,0,26
BRDA:85,7,1,26
BRF:13
BRH:13
end_of_record
TN:
SF:src/common/components/ScreenRollupWrapper/index.ts
FNF:0
FNH:0
LF:0
LH:0
BRF:0
BRH:0
end_of_record
TN:
SF:src/common/components/StockStatus/StockStatus.tsx
FN:7,(anonymous_0)
FN:36,(anonymous_1)
FNF:2
FNH:2
FNDA:37,(anonymous_0)
FNDA:37,(anonymous_1)
DA:7,3
DA:10,37
DA:11,1
DA:13,36
DA:14,1
DA:21,35
DA:22,11
DA:29,24
DA:36,3
DA:37,37
DA:39,37
DA:53,3
LF:12
LH:12
BRDA:10,0,0,1
BRDA:10,0,1,36
BRDA:13,1,0,1
BRDA:13,1,1,35
BRDA:21,2,0,11
BRDA:21,2,1,24
BRDA:21,3,0,35
BRDA:21,3,1,35
BRF:8
BRH:8
end_of_record
TN:
SF:src/common/components/StockStatus/index.ts
FNF:0
FNH:0
LF:0
LH:0
BRF:0
BRH:0
end_of_record
TN:
SF:src/common/redux/index.ts
FN:15,(anonymous_0)
FN:18,(anonymous_1)
FNF:2
FNH:2
FNDA:58,(anonymous_0)
FNDA:58,(anonymous_1)
DA:10,11
DA:15,11
DA:16,58
DA:19,58
DA:26,11
DA:31,11
DA:32,11
LF:7
LH:7
BRF:0
BRH:0
end_of_record
TN:
SF:src/common/utils/helpers.ts
FN:3,(anonymous_0)
FN:12,(anonymous_1)
FNF:2
FNH:2
FNDA:24,(anonymous_0)
FNDA:30,(anonymous_1)
DA:3,2
DA:6,24
DA:7,9
DA:10,15
DA:12,30
LF:5
LH:5
BRDA:6,0,0,9
BRDA:6,0,1,15
BRF:2
BRH:2
end_of_record
TN:
SF:src/common/utils/testHelpers.tsx
FN:18,(anonymous_0)
FN:31,renderWithProviders
FNF:2
FNH:2
FNDA:36,(anonymous_0)
FNDA:36,renderWithProviders
DA:18,10
DA:22,36
DA:39,36
DA:45,10
LF:4
LH:4
BRDA:20,0,0,0
BRDA:33,1,0,22
BRDA:34,2,0,27
BRDA:35,3,0,36
BRF:4
BRH:3
end_of_record
TN:
SF:src/feature/Cart/AddToCartButton.tsx
FN:15,(anonymous_0)
FN:22,(anonymous_1)
FN:29,(anonymous_2)
FN:32,(anonymous_3)
FN:35,(anonymous_4)
FNF:5
FNH:5
FNDA:11,(anonymous_0)
FNDA:3,(anonymous_1)
FNDA:2,(anonymous_2)
FNDA:1,(anonymous_3)
FNDA:2,(anonymous_4)
DA:15,11
DA:19,11
DA:20,11
DA:22,11
DA:24,11
DA:25,11
DA:26,11
DA:27,11
DA:29,11
DA:30,2
DA:32,11
DA:33,1
DA:35,11
DA:36,2
DA:42,2
DA:45,11
DA:67,11
LF:17
LH:17
BRDA:22,0,0,11
BRDA:22,0,1,8
BRDA:25,1,0,11
BRDA:25,1,1,8
BRDA:45,2,0,11
BRDA:45,2,1,0
BRF:6
BRH:5
end_of_record
TN:
SF:src/feature/Cart/CartList.tsx
FN:11,(anonymous_0)
FN:14,(anonymous_1)
FN:24,(anonymous_2)
FN:25,(anonymous_3)
FNF:4
FNH:4
FNDA:10,(anonymous_0)
FNDA:1,(anonymous_1)
FNDA:17,(anonymous_2)
FNDA:17,(anonymous_3)
DA:11,11
DA:12,10
DA:13,10
DA:14,10
DA:16,10
DA:17,1
DA:20,9
DA:24,17
DA:25,17
LF:9
LH:9
BRDA:16,0,0,1
BRDA:16,0,1,9
BRF:2
BRH:2
end_of_record
TN:
SF:src/feature/Cart/CartListItem.tsx
FN:9,(anonymous_0)
FNF:1
FNH:1
FNDA:17,(anonymous_0)
DA:9,11
DA:10,17
DA:12,17
DA:31,11
LF:4
LH:4
BRF:0
BRH:0
end_of_record
TN:
SF:src/feature/Cart/CartScreen.tsx
FN:9,(anonymous_0)
FNF:1
FNH:1
FNDA:6,(anonymous_0)
DA:9,11
DA:10,6
LF:2
LH:2
BRF:0
BRH:0
end_of_record
TN:
SF:src/feature/Cart/EditQuantityButton.tsx
FN:10,(anonymous_0)
FN:14,(anonymous_1)
FN:22,(anonymous_2)
FN:30,(anonymous_3)
FNF:4
FNH:4
FNDA:17,(anonymous_0)
FNDA:1,(anonymous_1)
FNDA:2,(anonymous_2)
FNDA:1,(anonymous_3)
DA:10,11
DA:11,17
DA:12,17
DA:14,17
DA:15,1
DA:22,17
DA:23,2
DA:30,17
DA:31,1
DA:34,17
DA:53,11
LF:11
LH:11
BRF:0
BRH:0
end_of_record
TN:
SF:src/feature/Cart/cartSelectors.ts
FN:3,(anonymous_0)
FNF:1
FNH:1
FNDA:31,(anonymous_0)
DA:3,31
LF:1
LH:1
BRF:0
BRH:0
end_of_record
TN:
SF:src/feature/Cart/cartSlice.ts
FN:22,(anonymous_0)
FN:24,(anonymous_1)
FN:33,(anonymous_2)
FN:34,(anonymous_3)
FN:36,(anonymous_4)
FNF:5
FNH:5
FNDA:5,(anonymous_0)
FNDA:3,(anonymous_1)
FNDA:1,(anonymous_2)
FNDA:2,(anonymous_3)
FNDA:1,(anonymous_4)
DA:14,11
DA:18,11
DA:23,5
DA:24,3
DA:27,5
DA:28,3
DA:30,2
DA:34,2
DA:37,1
DA:45,11
LF:10
LH:10
BRDA:27,0,0,3
BRDA:27,0,1,2
BRF:2
BRH:2
end_of_record
TN:
SF:src/feature/Cart/index.ts
FNF:0
FNH:0
LF:0
LH:0
BRF:0
BRH:0
end_of_record
TN:
SF:src/feature/Checkout/CheckoutConfirmMessage.tsx
FN:11,(anonymous_0)
FN:13,(anonymous_1)
FNF:2
FNH:1
FNDA:1,(anonymous_0)
FNDA:0,(anonymous_1)
DA:9,1
DA:11,1
DA:12,1
DA:13,1
DA:15,1
DA:31,1
LF:6
LH:6
BRF:0
BRH:0
end_of_record
TN:
SF:src/feature/Checkout/CheckoutForm.tsx
FN:23,(anonymous_0)
FN:24,(anonymous_1)
FN:27,(anonymous_2)
FN:33,(anonymous_3)
FN:80,(anonymous_4)
FNF:5
FNH:5
FNDA:2,(anonymous_0)
FNDA:2,(anonymous_1)
FNDA:63,(anonymous_2)
FNDA:2,(anonymous_3)
FNDA:1,(anonymous_4)
DA:12,1
DA:19,1
DA:23,2
DA:24,1
DA:25,2
DA:27,1
DA:28,63
DA:29,63
DA:30,63
DA:31,63
DA:33,63
DA:34,2
DA:35,2
DA:36,2
DA:38,2
DA:41,2
DA:45,2
DA:47,2
DA:48,1
DA:52,63
DA:80,1
DA:93,1
LF:22
LH:22
BRDA:23,0,0,2
BRDA:23,0,1,1
BRDA:25,1,0,2
BRDA:25,1,1,1
BRDA:38,2,0,1
BRDA:38,2,1,1
BRDA:41,3,0,1
BRDA:41,3,1,1
BRDA:47,4,0,1
BRDA:47,4,1,1
BRDA:47,5,0,2
BRDA:47,5,1,1
BRF:12
BRH:12
end_of_record
TN:
SF:src/feature/Checkout/CheckoutScreen.tsx
FN:8,(anonymous_0)
FN:11,(anonymous_1)
FNF:2
FNH:2
FNDA:4,(anonymous_0)
FNDA:1,(anonymous_1)
DA:8,1
DA:9,4
DA:10,4
DA:11,4
DA:12,1
DA:13,1
DA:16,4
LF:7
LH:7
BRDA:18,0,0,1
BRDA:18,0,1,3
BRF:2
BRH:2
end_of_record
TN:
SF:src/feature/Products/ProductItem.tsx
FN:14,(anonymous_0)
FN:22,(anonymous_1)
FNF:2
FNH:2
FNDA:25,(anonymous_0)
FNDA:1,(anonymous_1)
DA:14,1
DA:21,25
DA:22,25
DA:23,1
DA:25,25
DA:59,1
LF:6
LH:6
BRF:0
BRH:0
end_of_record
TN:
SF:src/feature/Products/ProductsScreen.tsx
FN:14,(anonymous_0)
FN:25,(anonymous_1)
FN:31,(anonymous_2)
FN:39,(anonymous_3)
FN:42,(anonymous_4)
FN:43,(anonymous_5)
FN:57,(anonymous_6)
FNF:7
FNH:7
FNDA:22,(anonymous_0)
FNDA:1,(anonymous_1)
FNDA:1,(anonymous_2)
FNDA:10,(anonymous_3)
FNDA:25,(anonymous_4)
FNDA:25,(anonymous_5)
FNDA:6,(anonymous_6)
DA:12,1
DA:14,1
DA:15,22
DA:21,22
DA:23,22
DA:24,22
DA:25,22
DA:26,1
DA:31,22
DA:32,1
DA:37,22
DA:38,22
DA:40,10
DA:42,25
DA:44,25
DA:57,22
DA:58,6
DA:64,22
DA:65,0
DA:68,22
DA:96,1
LF:21
LH:20
BRDA:37,0,0,22
BRDA:37,0,1,14
BRDA:64,1,0,0
BRDA:64,1,1,22
BRDA:64,2,0,22
BRDA:64,2,1,10
BRDA:64,2,2,22
BRDA:70,3,0,22
BRDA:70,3,1,14
BRDA:80,4,0,22
BRDA:80,4,1,10
BRDA:85,5,0,22
BRDA:85,5,1,10
BRF:13
BRH:12
end_of_record
TN:
SF:src/feature/SingleProduct/SingleProduct.tsx
FN:11,(anonymous_0)
FN:16,(anonymous_1)
FN:17,(anonymous_2)
FN:19,(anonymous_3)
FN:24,(anonymous_4)
FN:53,(anonymous_5)
FNF:6
FNH:6
FNDA:8,(anonymous_0)
FNDA:2,(anonymous_1)
FNDA:1,(anonymous_2)
FNDA:8,(anonymous_3)
FNDA:8,(anonymous_4)
FNDA:1,(anonymous_5)
DA:11,1
DA:12,8
DA:13,8
DA:15,8
DA:16,8
DA:17,8
DA:19,8
DA:20,8
DA:21,2
DA:22,2
DA:24,8
DA:27,8
DA:54,1
DA:63,1
LF:14
LH:14
BRDA:20,0,0,2
BRDA:20,0,1,6
BRDA:29,1,0,8
BRDA:29,1,1,8
BRF:4
BRH:4
end_of_record
TN:
SF:src/feature/SingleProduct/SingleProductScreen.tsx
FN:8,(anonymous_0)
FN:13,(anonymous_1)
FN:16,(anonymous_2)
FNF:3
FNH:3
FNDA:15,(anonymous_0)
FNDA:10,(anonymous_1)
FNDA:10,(anonymous_2)
DA:8,1
DA:9,15
DA:10,15
DA:11,15
DA:13,15
DA:14,10
DA:16,10
DA:19,15
LF:8
LH:8
BRDA:14,0,0,10
BRDA:14,0,1,5
BRDA:21,1,0,15
BRDA:21,1,1,5
BRF:4
BRH:4
end_of_record
